This is pdfTeX, Version 3.141592653-2.6-1.40.23 (MiKTeX 21.8) (preloaded format=pdflatex 2021.11.7)  15 JUN 2022 11:14
entering extended mode
**./refman.tex
(refman.tex
LaTeX2e <2021-06-01> patch level 1
L3 programming layer <2021-08-27>
(C:\Users\thund\AppData\Local\Programs\MiKTeX\tex/latex/base\book.cls
Document Class: book 2021/02/12 v1.4n Standard LaTeX document class
(C:\Users\thund\AppData\Local\Programs\MiKTeX\tex/latex/base\bk10.clo
File: bk10.clo 2021/02/12 v1.4n Standard LaTeX file (size option)
)
\c@part=\count182
\c@chapter=\count183
\c@section=\count184
\c@subsection=\count185
\c@subsubsection=\count186
\c@paragraph=\count187
\c@subparagraph=\count188
\c@figure=\count189
\c@table=\count190
\abovecaptionskip=\skip47
\belowcaptionskip=\skip48
\bibindent=\dimen138
)
(C:\Users\thund\AppData\Local\Programs\MiKTeX\tex/latex/base\ifthen.sty
Package: ifthen 2020/11/24 v1.1c Standard LaTeX ifthen package (DPC)
)
(C:\Users\thund\AppData\Local\Programs\MiKTeX\tex/latex/tools\array.sty
Rollback for package 'array' requested -> date 2016-10-06.
         Best approximation is the release introduced on 2016-10-06.

(C:\Users\thund\AppData\Local\Programs\MiKTeX\tex/latex/tools\array-2016-10-06.
sty
Package: array 2016/10/06 v2.4d Tabular extension package (FMi)
\col@sep=\dimen139
\extrarowheight=\dimen140
\NC@list=\toks16
\extratabsurround=\skip49
\backup@length=\skip50
)) (C:\Users\thund\AppData\Local\Programs\MiKTeX\tex/latex/base\fixltx2e.sty
Package: fixltx2e 2016/12/29 v2.1a fixes to LaTeX (obsolete)
Applying: [2015/01/01] Old fixltx2e package on input line 46.

Package fixltx2e Warning: fixltx2e is not required with releases after 2015
(fixltx2e)                All fixes are now in the LaTeX kernel.
(fixltx2e)                See the latexrelease package for details.

Already applied: [0000/00/00] Old fixltx2e package on input line 53.
) (doxygen.sty
Package: doxygen 

(C:\Users\thund\AppData\Local\Programs\MiKTeX\tex/latex/base\alltt.sty
Package: alltt 2021/01/29 v2.0g defines alltt environment
)
(C:\Users\thund\AppData\Local\Programs\MiKTeX\tex/latex/tools\calc.sty
Package: calc 2017/05/25 v4.3 Infix arithmetic (KKT,FJ)
\calc@Acount=\count191
\calc@Bcount=\count192
\calc@Adimen=\dimen141
\calc@Bdimen=\dimen142
\calc@Askip=\skip51
\calc@Bskip=\skip52
LaTeX Info: Redefining \setlength on input line 80.
LaTeX Info: Redefining \addtolength on input line 81.
\calc@Ccount=\count193
\calc@Cskip=\skip53
)
(C:\Users\thund\AppData\Local\Programs\MiKTeX\tex/latex/float\float.sty
Package: float 2001/11/08 v1.3d Float enhancements (AL)
\c@float@type=\count194
\float@exts=\toks17
\float@box=\box50
\@float@everytoks=\toks18
\@floatcapt=\box51
)
(C:\Users\thund\AppData\Local\Programs\MiKTeX\tex/latex/tools\verbatim.sty
Package: verbatim 2020-07-07 v1.5u LaTeX2e package for verbatim enhancements
\every@verbatim=\toks19
\verbatim@line=\toks20
\verbatim@in@stream=\read2
)
(C:\Users\thund\AppData\Local\Programs\MiKTeX\tex/latex/xcolor\xcolor.sty
Package: xcolor 2016/05/11 v2.12 LaTeX color extensions (UK)

(C:\Users\thund\AppData\Local\Programs\MiKTeX\tex/latex/graphics-cfg\color.cfg
File: color.cfg 2016/01/02 v1.6 sample color configuration
)
Package xcolor Info: Driver file: pdftex.def on input line 225.

(C:\Users\thund\AppData\Local\Programs\MiKTeX\tex/latex/graphics-def\pdftex.def
File: pdftex.def 2020/10/05 v1.2a Graphics/color driver for pdftex
) (C:\Users\thund\AppData\Local\Programs\MiKTeX\tex/latex/colortbl\colortbl.sty
Package: colortbl 2020/01/04 v1.0e Color table columns (DPC)
\everycr=\toks21
\minrowclearance=\skip54
)
\rownum=\count195
Package xcolor Info: Model `cmy' substituted by `cmy0' on input line 1348.
Package xcolor Info: Model `hsb' substituted by `rgb' on input line 1352.
Package xcolor Info: Model `RGB' extended on input line 1364.
Package xcolor Info: Model `HTML' substituted by `rgb' on input line 1366.
Package xcolor Info: Model `Hsb' substituted by `hsb' on input line 1367.
Package xcolor Info: Model `tHsb' substituted by `hsb' on input line 1368.
Package xcolor Info: Model `HSB' substituted by `hsb' on input line 1369.
Package xcolor Info: Model `Gray' substituted by `gray' on input line 1370.
Package xcolor Info: Model `wave' substituted by `hsb' on input line 1371.
) (longtable_doxygen.sty
Package: longtable_doxygen 2014/10/28 v4.11 Multi-page Table package (DPC) - fr
ozen version for doxygen
\LTleft=\skip55
\LTright=\skip56
\LTpre=\skip57
\LTpost=\skip58
\LTchunksize=\count196
\LTcapwidth=\dimen143
\LT@head=\box52
\LT@firsthead=\box53
\LT@foot=\box54
\LT@lastfoot=\box55
\LT@cols=\count197
\LT@rows=\count198
\c@LT@tables=\count199
\c@LT@chunks=\count266
\LT@p@ftn=\toks22
) (tabu_doxygen.sty
Package: tabu_doxygen 2011/02/26 v2.8 - flexible LaTeX tabulars (FC), frozen ve
rsion for doxygen

(C:\Users\thund\AppData\Local\Programs\MiKTeX\tex/latex/varwidth\varwidth.sty
Package: varwidth 2009/03/30 ver 0.92;  Variable-width minipages
\@vwid@box=\box56
\sift@deathcycles=\count267
\@vwid@loff=\dimen144
\@vwid@roff=\dimen145
)
\c@taburow=\count268
\tabu@nbcols=\count269
\tabu@cnt=\count270
\tabu@Xcol=\count271
\tabu@alloc=\count272
\tabu@nested=\count273
\tabu@target=\dimen146
\tabu@spreadtarget=\dimen147
\tabu@naturalX=\dimen148
\tabucolX=\dimen149
\tabu@Xsum=\dimen150
\extrarowdepth=\dimen151
\abovetabulinesep=\dimen152
\belowtabulinesep=\dimen153
\tabustrutrule=\dimen154
\tabu@thebody=\toks23
\tabu@footnotes=\toks24
\tabu@box=\box57
\tabu@arstrutbox=\box58
\tabu@hleads=\box59
\tabu@vleads=\box60
\tabu@cellskip=\skip59
) (C:\Users\thund\AppData\Local\Programs\MiKTeX\tex/latex/fancyvrb\fancyvrb.sty
Package: fancyvrb 2021/10/15 v3.9 verbatim text (tvz,hv)

(C:\Users\thund\AppData\Local\Programs\MiKTeX\tex/latex/graphics\keyval.sty
Package: keyval 2014/10/28 v1.15 key=value parser (DPC)
\KV@toks@=\toks25
)
\FV@CodeLineNo=\count274
\FV@InFile=\read3
\FV@TabBox=\box61
\c@FancyVerbLine=\count275
\FV@StepNumber=\count276
\FV@OutFile=\write3
)
(C:\Users\thund\AppData\Local\Programs\MiKTeX\tex/latex/tools\tabularx.sty
Package: tabularx 2020/01/15 v2.11c `tabularx' package (DPC)
\TX@col@width=\dimen155
\TX@old@table=\dimen156
\TX@old@col=\dimen157
\TX@target=\dimen158
\TX@delta=\dimen159
\TX@cols=\count277
\TX@ftn=\toks26
)
(C:\Users\thund\AppData\Local\Programs\MiKTeX\tex/latex/tools\multicol.sty
Package: multicol 2019/12/09 v1.8y multicolumn formatting (FMi)
\c@tracingmulticols=\count278
\mult@box=\box62
\multicol@leftmargin=\dimen160
\c@unbalance=\count279
\c@collectmore=\count280
\doublecol@number=\count281
\multicoltolerance=\count282
\multicolpretolerance=\count283
\full@width=\dimen161
\page@free=\dimen162
\premulticols=\dimen163
\postmulticols=\dimen164
\multicolsep=\skip60
\multicolbaselineskip=\skip61
\partial@page=\box63
\last@line=\box64
\maxbalancingoverflow=\dimen165
\mult@rightbox=\box65
\mult@grightbox=\box66
\mult@gfirstbox=\box67
\mult@firstbox=\box68
\@tempa=\box69
\@tempa=\box70
\@tempa=\box71
\@tempa=\box72
\@tempa=\box73
\@tempa=\box74
\@tempa=\box75
\@tempa=\box76
\@tempa=\box77
\@tempa=\box78
\@tempa=\box79
\@tempa=\box80
\@tempa=\box81
\@tempa=\box82
\@tempa=\box83
\@tempa=\box84
\@tempa=\box85
\@tempa=\box86
\@tempa=\box87
\@tempa=\box88
\@tempa=\box89
\@tempa=\box90
\@tempa=\box91
\@tempa=\box92
\@tempa=\box93
\@tempa=\box94
\@tempa=\box95
\@tempa=\box96
\@tempa=\box97
\@tempa=\box98
\@tempa=\box99
\@tempa=\box100
\@tempa=\box101
\@tempa=\box102
\@tempa=\box103
\@tempa=\box104
\@tempa=\box105
\c@minrows=\count284
\c@columnbadness=\count285
\c@finalcolumnbadness=\count286
\last@try=\dimen166
\multicolovershoot=\dimen167
\multicolundershoot=\dimen168
\mult@nat@firstbox=\box106
\colbreak@box=\box107
\mc@col@check@num=\count287
)
(C:\Users\thund\AppData\Local\Programs\MiKTeX\tex/latex/multirow\multirow.sty
Package: multirow 2021/03/15 v2.8 Span multiple rows of a table
\multirow@colwidth=\skip62
\multirow@cntb=\count288
\multirow@dima=\skip63
\bigstrutjot=\dimen169
)
(C:\Users\thund\AppData\Local\Programs\MiKTeX\tex/latex/hanging\hanging.sty
Package: hanging 2009/09/02 v1.2b hanging paragraphs and punctuation
\h@ngcommawd=\skip64
\h@ngfstopwd=\skip65
\h@ngquotewd=\skip66
\h@ngdquotewd=\skip67
\h@ngquerywd=\skip68
\h@ngexclwd=\skip69
\h@ngcolonwd=\skip70
\h@ngscolonwd=\skip71
)
(C:\Users\thund\AppData\Local\Programs\MiKTeX\tex/generic/iftex\ifpdf.sty
Package: ifpdf 2019/10/25 v3.4 ifpdf legacy package. Use iftex instead.

(C:\Users\thund\AppData\Local\Programs\MiKTeX\tex/generic/iftex\iftex.sty
Package: iftex 2020/03/06 v1.0d TeX engine tests
))
(C:\Users\thund\AppData\Local\Programs\MiKTeX\tex/latex/adjustbox\adjustbox.sty
Package: adjustbox 2020/08/19 v1.3 Adjusting TeX boxes (trim, clip, ...)
(C:\Users\thund\AppData\Local\Programs\MiKTeX\tex/latex/xkeyval\xkeyval.sty
Package: xkeyval 2020/11/20 v2.8 package option processing (HA)

(C:\Users\thund\AppData\Local\Programs\MiKTeX\tex/generic/xkeyval\xkeyval.tex
(C:\Users\thund\AppData\Local\Programs\MiKTeX\tex/generic/xkeyval\xkvutils.tex
\XKV@toks=\toks27
\XKV@tempa@toks=\toks28
)
\XKV@depth=\count289
File: xkeyval.tex 2014/12/03 v2.7a key=value parser (HA)
))
(C:\Users\thund\AppData\Local\Programs\MiKTeX\tex/latex/adjustbox\adjcalc.sty
Package: adjcalc 2012/05/16 v1.1 Provides advanced setlength with multiple back
-ends (calc, etex, pgfmath)
)
(C:\Users\thund\AppData\Local\Programs\MiKTeX\tex/latex/adjustbox\trimclip.sty
Package: trimclip 2020/08/19 v1.2 Trim and clip general TeX material

(C:\Users\thund\AppData\Local\Programs\MiKTeX\tex/latex/graphics\graphicx.sty
Package: graphicx 2020/12/05 v1.2c Enhanced LaTeX Graphics (DPC,SPQR)

(C:\Users\thund\AppData\Local\Programs\MiKTeX\tex/latex/graphics\graphics.sty
Package: graphics 2021/03/04 v1.4d Standard LaTeX Graphics (DPC,SPQR)

(C:\Users\thund\AppData\Local\Programs\MiKTeX\tex/latex/graphics\trig.sty
Package: trig 2016/01/03 v1.10 sin cos tan (DPC)
)
(C:\Users\thund\AppData\Local\Programs\MiKTeX\tex/latex/graphics-cfg\graphics.c
fg
File: graphics.cfg 2016/06/04 v1.11 sample graphics configuration
)
Package graphics Info: Driver file: pdftex.def on input line 107.
)
\Gin@req@height=\dimen170
\Gin@req@width=\dimen171
)
(C:\Users\thund\AppData\Local\Programs\MiKTeX\tex/latex/collectbox\collectbox.s
ty
Package: collectbox 2012/05/17 v0.4b Collect macro arguments as boxes
\collectedbox=\box108
)
\tc@llx=\dimen172
\tc@lly=\dimen173
\tc@urx=\dimen174
\tc@ury=\dimen175
Package trimclip Info: Using driver 'tc-pdftex.def'.

(C:\Users\thund\AppData\Local\Programs\MiKTeX\tex/latex/adjustbox\tc-pdftex.def
File: tc-pdftex.def 2019/01/04 v2.2 Clipping driver for pdftex
))
\adjbox@Width=\dimen176
\adjbox@Height=\dimen177
\adjbox@Depth=\dimen178
\adjbox@Totalheight=\dimen179
\adjbox@pwidth=\dimen180
\adjbox@pheight=\dimen181
\adjbox@pdepth=\dimen182
\adjbox@ptotalheight=\dimen183

(C:\Users\thund\AppData\Local\Programs\MiKTeX\tex/latex/ifoddpage\ifoddpage.sty
Package: ifoddpage 2016/04/23 v1.1 Conditionals for odd/even page detection
\c@checkoddpage=\count290
)) (C:\Users\thund\AppData\Local\Programs\MiKTeX\tex/latex/amsfonts\amssymb.sty
Package: amssymb 2013/01/14 v3.01 AMS font symbols
(C:\Users\thund\AppData\Local\Programs\MiKTeX\tex/latex/amsfonts\amsfonts.sty
Package: amsfonts 2013/01/14 v3.01 Basic AMSFonts support
\@emptytoks=\toks29
\symAMSa=\mathgroup4
\symAMSb=\mathgroup5
LaTeX Font Info:    Redeclaring math symbol \hbar on input line 98.
LaTeX Font Info:    Overwriting math alphabet `\mathfrak' in version `bold'
(Font)                  U/euf/m/n --> U/euf/b/n on input line 106.
))
(C:\Users\thund\AppData\Local\Programs\MiKTeX\tex/latex/stackengine\stackengine
.sty
Package: stackengine 2021/07/22 v4.11\ Stacking text and objects in convenient 
ways

(C:\Users\thund\AppData\Local\Programs\MiKTeX\tex/latex/etoolbox\etoolbox.sty
Package: etoolbox 2020/10/05 v2.5k e-TeX tools for LaTeX (JAW)
\etb@tempcnta=\count291
)
(C:\Users\thund\AppData\Local\Programs\MiKTeX\tex/latex/listofitems\listofitems
.sty
(C:\Users\thund\AppData\Local\Programs\MiKTeX\tex/generic/listofitems\listofite
ms.tex
\loi_cnt_foreach_nest=\count292
\loi_nestcnt=\count293
)
Package: listofitems 2019/08/21 v1.63 Grab items in lists using user-specified 
sep char (CT)
)
\c@@stackindex=\count294
\@boxshift=\skip72
\stack@tmplength=\skip73
\temp@stkl=\skip74
\@stackedboxwidth=\skip75
\@addedbox=\box109
\@anchorbox=\box110
\@insetbox=\box111
\se@backgroundbox=\box112
\stackedbox=\box113
\@centerbox=\box114
\c@ROWcellindex@=\count295
) (C:\Users\thund\AppData\Local\Programs\MiKTeX\tex/latex/ulem\ulem.sty
\UL@box=\box115
\UL@hyphenbox=\box116
\UL@skip=\skip76
\UL@hook=\toks30
\UL@height=\dimen184
\UL@pe=\count296
\UL@pixel=\dimen185
\ULC@box=\box117
Package: ulem 2019/11/18
\ULdepth=\dimen186
)
\xrefbox=\box118
\xreflength=\skip77
\CodeWidthChar=\skip78
\CodeHeightChar=\skip79
\DoxyCodeWidth=\skip80
) (C:\Users\thund\AppData\Local\Programs\MiKTeX\tex/latex/base\inputenc.sty
Package: inputenc 2021/02/14 v1.3d Input encoding file
\inpenc@prehook=\toks31
\inpenc@posthook=\toks32
)
(C:\Users\thund\AppData\Local\Programs\MiKTeX\tex/latex/base\makeidx.sty
Package: makeidx 2014/09/29 v1.0m Standard LaTeX package
)
(C:\Users\thund\AppData\Local\Programs\MiKTeX\tex/latex/base\textcomp.sty
Package: textcomp 2020/02/02 v2.0n Standard LaTeX package
)
(C:\Users\thund\AppData\Local\Programs\MiKTeX\tex/latex/wasysym\wasysym.sty
Package: wasysym 2020/01/19 v2.4 Wasy-2 symbol support package
\symwasy=\mathgroup6
LaTeX Font Info:    Overwriting symbol font `wasy' in version `bold'
(Font)                  U/wasy/m/n --> U/wasy/b/n on input line 93.
)
(C:\Users\thund\AppData\Local\Programs\MiKTeX\tex/generic/iftex\ifxetex.sty
Package: ifxetex 2019/10/25 v0.7 ifxetex legacy package. Use iftex instead.
)
(C:\Users\thund\AppData\Local\Programs\MiKTeX\tex/latex/base\fontenc.sty
Package: fontenc 2021/04/29 v2.0v Standard LaTeX package
)
(C:\Users\thund\AppData\Local\Programs\MiKTeX\tex/latex/psnfss\helvet.sty
Package: helvet 2020/03/25 PSNFSS-v9.3 (WaS) 
)
(C:\Users\thund\AppData\Local\Programs\MiKTeX\tex/latex/psnfss\courier.sty
Package: courier 2020/03/25 PSNFSS-v9.3 (WaS) 
)
(C:\Users\thund\AppData\Local\Programs\MiKTeX\tex/latex/sectsty\sectsty.sty
Package: sectsty 2002/02/25 v2.0.2 Commands to change all sectional heading sty
les


LaTeX Warning: Command \underbar  has changed.
               Check if current package is valid.


LaTeX Warning: Command \underline  has changed.
               Check if current package is valid.

) (C:\Users\thund\AppData\Local\Programs\MiKTeX\tex/latex/geometry\geometry.sty
Package: geometry 2020/01/02 v5.9 Page Geometry
(C:\Users\thund\AppData\Local\Programs\MiKTeX\tex/generic/iftex\ifvtex.sty
Package: ifvtex 2019/10/25 v1.7 ifvtex legacy package. Use iftex instead.
)
\Gm@cnth=\count297
\Gm@cntv=\count298
\c@Gm@tempcnt=\count299
\Gm@bindingoffset=\dimen187
\Gm@wd@mp=\dimen188
\Gm@odd@mp=\dimen189
\Gm@even@mp=\dimen190
\Gm@layoutwidth=\dimen191
\Gm@layoutheight=\dimen192
\Gm@layouthoffset=\dimen193
\Gm@layoutvoffset=\dimen194
\Gm@dimlist=\toks33

(C:\Users\thund\AppData\Local\Programs\MiKTeX\tex/latex/geometry\geometry.cfg))
(C:\Users\thund\AppData\Local\Programs\MiKTeX\tex/latex/fancyhdr\fancyhdr.sty
Package: fancyhdr 2021/01/28 v4.0.1 Extensive control of page headers and foote
rs
\f@nch@headwidth=\skip81
\f@nch@O@elh=\skip82
\f@nch@O@erh=\skip83
\f@nch@O@olh=\skip84
\f@nch@O@orh=\skip85
\f@nch@O@elf=\skip86
\f@nch@O@erf=\skip87
\f@nch@O@olf=\skip88
\f@nch@O@orf=\skip89
)
(C:\Users\thund\AppData\Local\Programs\MiKTeX\tex/latex/natbib\natbib.sty
Package: natbib 2010/09/13 8.31b (PWD, AO)
\bibhang=\skip90
\bibsep=\skip91
LaTeX Info: Redefining \cite on input line 694.
\c@NAT@ctr=\count300
)
(C:\Users\thund\AppData\Local\Programs\MiKTeX\tex/latex/tocloft\tocloft.sty
Package: tocloft 2017/08/31 v2.3i parameterised ToC, etc., typesetting
Package tocloft Info: The document has chapter divisions on input line 51.
\cftparskip=\skip92
\cftbeforetoctitleskip=\skip93
\cftaftertoctitleskip=\skip94
\cftbeforepartskip=\skip95
\cftpartnumwidth=\skip96
\cftpartindent=\skip97
\cftbeforechapskip=\skip98
\cftchapindent=\skip99
\cftchapnumwidth=\skip100
\cftbeforesecskip=\skip101
\cftsecindent=\skip102
\cftsecnumwidth=\skip103
\cftbeforesubsecskip=\skip104
\cftsubsecindent=\skip105
\cftsubsecnumwidth=\skip106
\cftbeforesubsubsecskip=\skip107
\cftsubsubsecindent=\skip108
\cftsubsubsecnumwidth=\skip109
\cftbeforeparaskip=\skip110
\cftparaindent=\skip111
\cftparanumwidth=\skip112
\cftbeforesubparaskip=\skip113
\cftsubparaindent=\skip114
\cftsubparanumwidth=\skip115
\cftbeforeloftitleskip=\skip116
\cftafterloftitleskip=\skip117
\cftbeforefigskip=\skip118
\cftfigindent=\skip119
\cftfignumwidth=\skip120
\c@lofdepth=\count301
\c@lotdepth=\count302
\cftbeforelottitleskip=\skip121
\cftafterlottitleskip=\skip122
\cftbeforetabskip=\skip123
\cfttabindent=\skip124
\cfttabnumwidth=\skip125
)
\@indexfile=\write4
\openout4 = `refman.idx'.


Writing index file refman.idx

(C:\Users\thund\AppData\Local\Programs\MiKTeX\tex/latex/newunicodechar\newunico
dechar.sty
Package: newunicodechar 2018/04/08 v1.2 Defining Unicode characters
)

Package newunicodechar Warning: Redefining Unicode character on input line 115.



Package newunicodechar Warning: Redefining Unicode character on input line 116.


(C:\Users\thund\AppData\Local\Programs\MiKTeX\tex/latex/hyperref\hyperref.sty
Package: hyperref 2021-06-07 v7.00m Hypertext links for LaTeX

(C:\Users\thund\AppData\Local\Programs\MiKTeX\tex/generic/ltxcmds\ltxcmds.sty
Package: ltxcmds 2020-05-10 v1.25 LaTeX kernel commands for general use (HO)
)
(C:\Users\thund\AppData\Local\Programs\MiKTeX\tex/generic/pdftexcmds\pdftexcmds
.sty
Package: pdftexcmds 2020-06-27 v0.33 Utility functions of pdfTeX for LuaTeX (HO
)

(C:\Users\thund\AppData\Local\Programs\MiKTeX\tex/generic/infwarerr\infwarerr.s
ty
Package: infwarerr 2019/12/03 v1.5 Providing info/warning/error messages (HO)
)
Package pdftexcmds Info: \pdf@primitive is available.
Package pdftexcmds Info: \pdf@ifprimitive is available.
Package pdftexcmds Info: \pdfdraftmode found.
)
(C:\Users\thund\AppData\Local\Programs\MiKTeX\tex/generic/kvsetkeys\kvsetkeys.s
ty
Package: kvsetkeys 2019/12/15 v1.18 Key value parser (HO)
)
(C:\Users\thund\AppData\Local\Programs\MiKTeX\tex/generic/kvdefinekeys\kvdefine
keys.sty
Package: kvdefinekeys 2019-12-19 v1.6 Define keys (HO)
)
(C:\Users\thund\AppData\Local\Programs\MiKTeX\tex/generic/pdfescape\pdfescape.s
ty
Package: pdfescape 2019/12/09 v1.15 Implements pdfTeX's escape features (HO)
) (C:\Users\thund\AppData\Local\Programs\MiKTeX\tex/latex/hycolor\hycolor.sty
Package: hycolor 2020-01-27 v1.10 Color options for hyperref/bookmark (HO)
)
(C:\Users\thund\AppData\Local\Programs\MiKTeX\tex/latex/letltxmacro\letltxmacro
.sty
Package: letltxmacro 2019/12/03 v1.6 Let assignment for LaTeX macros (HO)
)
(C:\Users\thund\AppData\Local\Programs\MiKTeX\tex/latex/auxhook\auxhook.sty
Package: auxhook 2019-12-17 v1.6 Hooks for auxiliary files (HO)
)
(C:\Users\thund\AppData\Local\Programs\MiKTeX\tex/latex/kvoptions\kvoptions.sty
Package: kvoptions 2020-10-07 v3.14 Key value format for package options (HO)
)
\@linkdim=\dimen195
\Hy@linkcounter=\count303
\Hy@pagecounter=\count304
 (C:\Users\thund\AppData\Local\Programs\MiKTeX\tex/latex/hyperref\pd1enc.def
File: pd1enc.def 2021-06-07 v7.00m Hyperref: PDFDocEncoding definition (HO)
Now handling font encoding PD1 ...
... no UTF-8 mapping file for font encoding PD1
)
(C:\Users\thund\AppData\Local\Programs\MiKTeX\tex/latex/hyperref\hyperref-langp
atches.def
File: hyperref-langpatches.def 2021-06-07 v7.00m Hyperref: patches for babel la
nguages
)
(C:\Users\thund\AppData\Local\Programs\MiKTeX\tex/generic/intcalc\intcalc.sty
Package: intcalc 2019/12/15 v1.3 Expandable calculations with integers (HO)
)
(C:\Users\thund\AppData\Local\Programs\MiKTeX\tex/generic/etexcmds\etexcmds.sty
Package: etexcmds 2019/12/15 v1.7 Avoid name clashes with e-TeX commands (HO)
)
\Hy@SavedSpaceFactor=\count305
 (C:\Users\thund\AppData\Local\Programs\MiKTeX\tex/latex/hyperref\puenc.def
File: puenc.def 2021-06-07 v7.00m Hyperref: PDF Unicode definition (HO)
Now handling font encoding PU ...
... no UTF-8 mapping file for font encoding PU
)
Package hyperref Info: Hyper figures OFF on input line 4192.
Package hyperref Info: Link nesting OFF on input line 4197.
Package hyperref Info: Hyper index ON on input line 4200.
Package hyperref Info: Plain pages OFF on input line 4207.
Package hyperref Info: Backreferencing ON on input line 4210.
Package hyperref Info: Implicit mode ON; LaTeX internals redefined.
Package hyperref Info: Bookmarks ON on input line 4445.

(C:\Users\thund\AppData\Local\Programs\MiKTeX\tex/latex/hyperref\backref.sty
Package: backref 2021/02/04 v1.41 Bibliographical back referencing

(C:\Users\thund\AppData\Local\Programs\MiKTeX\tex/latex/rerunfilecheck\rerunfil
echeck.sty
Package: rerunfilecheck 2019/12/05 v1.9 Rerun checks for auxiliary files (HO)

(C:\Users\thund\AppData\Local\Programs\MiKTeX\tex/latex/base\atveryend-ltx.sty
Package: atveryend-ltx 2020/08/19 v1.0a Emulation of the original atvery packag
e
with kernel methods
)
(C:\Users\thund\AppData\Local\Programs\MiKTeX\tex/generic/uniquecounter\uniquec
ounter.sty
Package: uniquecounter 2019/12/15 v1.4 Provide unlimited unique counter (HO)

(C:\Users\thund\AppData\Local\Programs\MiKTeX\tex/generic/bigintcalc\bigintcalc
.sty
Package: bigintcalc 2019/12/15 v1.5 Expandable calculations on big integers (HO
)
))
Package uniquecounter Info: New unique counter `rerunfilecheck' on input line 2
86.
))
\c@Hy@tempcnt=\count306
 (C:\Users\thund\AppData\Local\Programs\MiKTeX\tex/latex/url\url.sty
\Urlmuskip=\muskip16
Package: url 2013/09/16  ver 3.4  Verb mode for urls, etc.
)
LaTeX Info: Redefining \url on input line 4804.
\XeTeXLinkMargin=\dimen196

(C:\Users\thund\AppData\Local\Programs\MiKTeX\tex/generic/bitset\bitset.sty
Package: bitset 2019/12/09 v1.3 Handle bit-vector datatype (HO)
)
\Fld@menulength=\count307
\Field@Width=\dimen197
\Fld@charsize=\dimen198
Package hyperref Info: Hyper figures OFF on input line 6076.
Package hyperref Info: Link nesting OFF on input line 6081.
Package hyperref Info: Hyper index ON on input line 6084.
Package hyperref Info: backreferencing ON on input line 6089.
Package hyperref Info: Link coloring OFF on input line 6096.
Package hyperref Info: Link coloring with OCG OFF on input line 6101.
Package hyperref Info: PDF/A mode OFF on input line 6106.
LaTeX Info: Redefining \ref on input line 6146.
LaTeX Info: Redefining \pageref on input line 6150.

(C:\Users\thund\AppData\Local\Programs\MiKTeX\tex/latex/base\atbegshi-ltx.sty
Package: atbegshi-ltx 2021/01/10 v1.0c Emulation of the original atbegshi
package with kernel methods
)
\Hy@abspage=\count308
\c@Item=\count309
\c@Hfootnote=\count310


LaTeX Warning: Command \LT@p@ftntext  has changed.
               Check if current package is valid.

)
Package hyperref Info: Driver: hpdftex.
 (C:\Users\thund\AppData\Local\Programs\MiKTeX\tex/latex/hyperref\hpdftex.def
File: hpdftex.def 2021-06-07 v7.00m Hyperref driver for pdfTeX
\Fld@listcount=\count311
\c@bookmark@seq@number=\count312
\Hy@SectionHShift=\skip126
)
Package hyperref Info: Option `colorlinks' set `true' on input line 134.
Package hyperref Info: Option `unicode' set `true' on input line 134.
(C:\Users\thund\AppData\Local\Programs\MiKTeX\tex/latex/caption\caption.sty
Package: caption 2020/10/26 v3.5g Customizing captions (AR)

(C:\Users\thund\AppData\Local\Programs\MiKTeX\tex/latex/caption\caption3.sty
Package: caption3 2020/10/21 v2.2e caption3 kernel (AR)
\captionmargin=\dimen199
\captionmargin@=\dimen256
\captionwidth=\dimen257
\caption@tempdima=\dimen258
\caption@indent=\dimen259
\caption@parindent=\dimen260
\caption@hangindent=\dimen261
Package caption Info: Standard document class detected.
)
\c@caption@flags=\count313
\c@continuedfloat=\count314
Package caption Info: float package is loaded.
Package caption Info: hyperref package is loaded.
Package caption Info: longtable package is loaded.

(C:\Users\thund\AppData\Local\Programs\MiKTeX\tex/latex/caption\ltcaption.sty
Package: ltcaption 2020/05/30 v1.4b longtable captions (AR)
)) (C:\Users\thund\AppData\Local\Programs\MiKTeX\tex/latex/etoc\etoc.sty
Package: etoc 2021/09/23 v1.09e Completely customisable TOCs (JFB)
\Etoc@toctoks=\toks34
\c@etoc@tocid=\count315
\c@etoc@tocdepth=\count316
\etoc@framed@titlebox=\box119
\etoc@framed@contentsbox=\box120
)
LaTeX Font Info:    Trying to load font information for T1+phv on input line 14
9.

(C:\Users\thund\AppData\Local\Programs\MiKTeX\tex/latex/psnfss\t1phv.fd
File: t1phv.fd 2020/03/25 scalable font definitions for T1/phv.
)
LaTeX Font Info:    Font shape `T1/phv/m/n' will be
(Font)              scaled to size 8.99994pt on input line 149.

(C:\Users\thund\AppData\Local\Programs\MiKTeX\tex/latex/l3backend\l3backend-pdf
tex.def
File: l3backend-pdftex.def 2021-08-04 L3 backend support: PDF output (pdfTeX)
\l__color_backend_stack_int=\count317
\l__pdf_internal_box=\box121
) (refman.aux)
\openout1 = `refman.aux'.

LaTeX Font Info:    Checking defaults for OML/cmm/m/it on input line 149.
LaTeX Font Info:    ... okay on input line 149.
LaTeX Font Info:    Checking defaults for OMS/cmsy/m/n on input line 149.
LaTeX Font Info:    ... okay on input line 149.
LaTeX Font Info:    Checking defaults for OT1/cmr/m/n on input line 149.
LaTeX Font Info:    ... okay on input line 149.
LaTeX Font Info:    Checking defaults for T1/cmr/m/n on input line 149.
LaTeX Font Info:    ... okay on input line 149.
LaTeX Font Info:    Checking defaults for TS1/cmr/m/n on input line 149.
LaTeX Font Info:    ... okay on input line 149.
LaTeX Font Info:    Checking defaults for OMX/cmex/m/n on input line 149.
LaTeX Font Info:    ... okay on input line 149.
LaTeX Font Info:    Checking defaults for U/cmr/m/n on input line 149.
LaTeX Font Info:    ... okay on input line 149.
LaTeX Font Info:    Checking defaults for PD1/pdf/m/n on input line 149.
LaTeX Font Info:    ... okay on input line 149.
LaTeX Font Info:    Checking defaults for PU/pdf/m/n on input line 149.
LaTeX Font Info:    ... okay on input line 149.

(C:\Users\thund\AppData\Local\Programs\MiKTeX\tex/context/base/mkii\supp-pdf.mk
ii
[Loading MPS to PDF converter (version 2006.09.02).]
\scratchcounter=\count318
\scratchdimen=\dimen262
\scratchbox=\box122
\nofMPsegments=\count319
\nofMParguments=\count320
\everyMPshowfont=\toks35
\MPscratchCnt=\count321
\MPscratchDim=\dimen263
\MPnumerator=\count322
\makeMPintoPDFobject=\count323
\everyMPtoPDFconversion=\toks36
)
(C:\Users\thund\AppData\Local\Programs\MiKTeX\tex/latex/epstopdf-pkg\epstopdf-b
ase.sty
Package: epstopdf-base 2020-01-24 v2.11 Base part for package epstopdf
Package epstopdf-base Info: Redefining graphics rule for `.eps' on input line 4
85.

(C:\Users\thund\AppData\Local\Programs\MiKTeX\tex/latex/00miktex\epstopdf-sys.c
fg
File: epstopdf-sys.cfg 2021/03/18 v2.0 Configuration of epstopdf for MiKTeX
))
*geometry* driver: auto-detecting
*geometry* detected driver: pdftex
*geometry* verbose mode - [ preamble ] result:
* driver: pdftex
* paper: a4paper
* layout: <same size as paper>
* layoutoffset:(h,v)=(0.0pt,0.0pt)
* modes: twoside 
* h-part:(L,W,R)=(71.13188pt, 455.24411pt, 71.13188pt)
* v-part:(T,H,B)=(71.13188pt, 702.78308pt, 71.13188pt)
* \paperwidth=597.50787pt
* \paperheight=845.04684pt
* \textwidth=455.24411pt
* \textheight=702.78308pt
* \oddsidemargin=-1.1381pt
* \evensidemargin=-1.1381pt
* \topmargin=-31.2056pt
* \headheight=12.0pt
* \headsep=18.06749pt
* \topskip=10.0pt
* \footskip=25.29494pt
* \marginparwidth=125.0pt
* \marginparsep=7.0pt
* \columnsep=10.0pt
* \skip\footins=9.0pt plus 4.0pt minus 2.0pt
* \hoffset=0.0pt
* \voffset=0.0pt
* \mag=1000
* \@twocolumnfalse
* \@twosidetrue
* \@mparswitchtrue
* \@reversemarginfalse
* (1in=72.27pt=25.4mm, 1cm=28.453pt)

Package hyperref Info: Link coloring ON on input line 149.
(C:\Users\thund\AppData\Local\Programs\MiKTeX\tex/latex/hyperref\nameref.sty
Package: nameref 2021-04-02 v2.47 Cross-referencing by name of section

(C:\Users\thund\AppData\Local\Programs\MiKTeX\tex/latex/refcount\refcount.sty
Package: refcount 2019/12/15 v3.6 Data extraction from label references (HO)
)
(C:\Users\thund\AppData\Local\Programs\MiKTeX\tex/generic/gettitlestring\gettit
lestring.sty
Package: gettitlestring 2019/12/15 v1.6 Cleanup title references (HO)
)
\c@section@level=\count324
)
LaTeX Info: Redefining \ref on input line 149.
LaTeX Info: Redefining \pageref on input line 149.
LaTeX Info: Redefining \nameref on input line 149.
 (refman.out) (refman.out)
\@outlinefile=\write5
\openout5 = `refman.out'.

Package backref Info: ** backref set up for natbib ** on input line 149.
Package caption Info: Begin \AtBeginDocument code.
Package caption Info: End \AtBeginDocument code.
\Etoc@tf=\read4
Package hyperref Info: Option `pageanchor' set `false' on input line 156.
Package hyperref Info: Option `bookmarksnumbered' set `true' on input line 156.

Package hyperref Info: Option `unicode' set `true' on input line 156.
LaTeX Font Info:    Font shape `T1/phv/m/n' will be
(Font)              scaled to size 12.9599pt on input line 161.
LaTeX Font Info:    Font shape `T1/phv/m/n' will be
(Font)              scaled to size 6.29996pt on input line 161.
LaTeX Font Info:    Trying to load font information for U+msa on input line 161
.

(C:\Users\thund\AppData\Local\Programs\MiKTeX\tex/latex/amsfonts\umsa.fd
File: umsa.fd 2013/01/14 v3.01 AMS symbols A
)
LaTeX Font Info:    Trying to load font information for U+msb on input line 161
.

(C:\Users\thund\AppData\Local\Programs\MiKTeX\tex/latex/amsfonts\umsb.fd
File: umsb.fd 2013/01/14 v3.01 AMS symbols B
)
LaTeX Font Info:    Trying to load font information for U+wasy on input line 16
1.

(C:\Users\thund\AppData\Local\Programs\MiKTeX\tex/latex/wasysym\uwasy.fd
File: uwasy.fd 2020/01/19 v2.4 Wasy-2 symbol font definitions
)
LaTeX Font Info:    Font shape `T1/phv/m/n' will be
(Font)              scaled to size 10.79993pt on input line 163.

[1


{C:/Users/thund/AppData/Local/MiKTeX/pdftex/config/pdftex.map}] [2

]
\tf@toc=\write6
\openout6 = `refman.toc'.

LaTeX Font Info:    Font shape `T1/phv/b/n' will be
(Font)              scaled to size 8.99994pt on input line 169.
LaTeX Font Info:    Font shape `T1/phv/b/n' will be
(Font)              scaled to size 6.29996pt on input line 169.
 [1]
[2] [3] [4] [5] [6] [7] [8

]
Package hyperref Info: Option `pageanchor' set `true' on input line 171.

Chapter 1.
LaTeX Font Info:    Font shape `T1/phv/m/n' will be
(Font)              scaled to size 18.66588pt on input line 174.
LaTeX Font Info:    Font shape `T1/phv/b/n' will be
(Font)              scaled to size 18.66588pt on input line 174.
LaTeX Font Info:    Font shape `T1/phv/bc/n' will be
(Font)              scaled to size 18.66588pt on input line 174.
LaTeX Font Info:    Font shape `T1/phv/m/n' will be
(Font)              scaled to size 22.39185pt on input line 174.
LaTeX Font Info:    Font shape `T1/phv/b/n' will be
(Font)              scaled to size 22.39185pt on input line 174.
LaTeX Font Info:    Font shape `T1/phv/bc/n' will be
(Font)              scaled to size 22.39185pt on input line 174.
(requirement.tex
Underfull \hbox (badness 1939) in paragraph at lines 3--3
[]\T1/phv/b/n/10 Member [] (int cylinder[]Index, BSM.[]
 []

LaTeX Font Info:    Trying to load font information for T1+pcr on input line 5.

(C:\Users\thund\AppData\Local\Programs\MiKTeX\tex/latex/psnfss\t1pcr.fd
File: t1pcr.fd 2001/06/04 font definitions for T1/pcr.
)
Underfull \hbox (badness 10000) in paragraph at lines 8--8
[]\T1/phv/b/n/10 Member [] (int sphere[]Index, Vector3[][]
 []


Underfull \hbox (badness 936) in paragraph at lines 20--20
[]\T1/phv/b/n/10 Member [] (BSM.[]Quaternion[][] cylinder[]
 []


Underfull \hbox (badness 10000) in paragraph at lines 27--27
[]\T1/phv/b/n/10 Member [] (BSM.[]
 []

[1

]
Underfull \hbox (badness 10000) in paragraph at lines 46--46
[]\T1/phv/b/n/10 Member [] (Vector3[][] sphere[]Position[]
 []


Underfull \hbox (badness 1117) in paragraph at lines 58--58
[]\T1/phv/b/n/10 Member [] (Vector3[][] sphere[]
 []


Underfull \hbox (badness 4954) in paragraph at lines 63--63
[]\T1/phv/b/n/10 Member [] (Vec-tor3 start[]Position, Vec-tor3
 []


Underfull \hbox (badness 2050) in paragraph at lines 66--66
[]\T1/phv/b/n/10 Member [] (int director[]Index, Vec-tor3 end[]Position,
 []


Underfull \hbox (badness 10000) in paragraph at lines 69--69
[]\T1/phv/b/n/10 Member [] (int cylinder[]Count, BSM.[]
 []

[2]
Underfull \hbox (badness 1590) in paragraph at lines 147--147
[]\T1/phv/b/n/10 Member [] (Vec-tor3 pull[]Torque, float apply[]
 []


Underfull \hbox (badness 10000) in paragraph at lines 150--150
[]\T1/phv/b/n/10 Member [] (int it-er-a-tions,
 []


Underfull \hbox (badness 10000) in paragraph at lines 150--150
\T1/phv/b/n/10 BSM.[]Quaternion orientation[]One, BSM.[]Quaternion orientation[
]Two, float rod[]Element[]
 []


Underfull \hbox (badness 10000) in paragraph at lines 150--150
\T1/phv/b/n/10 Length, Vec-tor3 discrete[]Rest[]Darboux[]Vector, [] math[]Helpe
r,
 []

[3]
Underfull \hbox (badness 1694) in paragraph at lines 162--162
\T1/phv/b/n/10 Position[]One, Vec-tor3 particle[]Position[]Two, BSM.[]Quaternio
n ori-en-ta-tion, []
 []

) [4]
Chapter 2.
(namespaces.tex
LaTeX Font Info:    Font shape `T1/phv/b/n' will be
(Font)              scaled to size 12.9599pt on input line 1.
) [5

] [6

]
Chapter 3.
(hierarchy.tex) [7] [8

]
Chapter 4.
(annotated.tex) [9] [10

]
Chapter 5.
(files.tex) [11] [12

]
Chapter 6.
(namespace_guidewire_sim.tex
LaTeX Font Info:    Font shape `T1/phv/b/n' will be
(Font)              scaled to size 10.79993pt on input line 3.
LaTeX Font Info:    Trying to load font information for TS1+phv on input line 6
.

(C:\Users\thund\AppData\Local\Programs\MiKTeX\tex/latex/psnfss\ts1phv.fd
File: ts1phv.fd 2020/03/25 scalable font definitions for TS1/phv.
)
LaTeX Font Info:    Font shape `TS1/phv/m/n' will be
(Font)              scaled to size 8.99994pt on input line 6.
)
[13] [14

]
Chapter 7.
(class_guidewire_sim_1_1_constraint_solving_step.tex

pdfTeX warning: pdflatex (file ./class_guidewire_sim_1_1_constraint_solving_ste
p.pdf): PDF inclusion: found PDF version <1.7>, but at most version <1.5> allow
ed
 <./class_guidewire_sim_1_1_constraint_solving_step.pdf>
<class_guidewire_sim_1_1_constraint_solving_step.pdf, id=1721, 501.875pt x 178.
6675pt>
File: class_guidewire_sim_1_1_constraint_solving_step.pdf Graphic file (type pd
f)
<use class_guidewire_sim_1_1_constraint_solving_step.pdf>
Package pdftex.def Info: class_guidewire_sim_1_1_constraint_solving_step.pdf  u
sed on input line 6.
(pdftex.def)             Requested size: 159.84514pt x 56.9055pt.

Underfull \hbox (badness 4229) in paragraph at lines 14--16
[]\T1/phv/m/n/10 void [] (BSM.[]Quaternion[]$ $[] cylinder[]Orientation[]Predic
tions, int cylinder[]Count,
 []


Underfull \hbox (badness 772) in paragraph at lines 16--18
\T1/phv/m/n/10 ori-en-ta-tion, BSM.[]Quaternion e[]_[]3, float rod[]Element[]Le
ngth, out Vec-tor3 [], out Vec-tor3
 []


Underfull \hbox (badness 6445) in paragraph at lines 25--27
[]\T1/phv/m/n/10 void [] (Vector3[]$ $[] sphere[]Position[]Predictions, BSM.[]Q
uaternion[]$ $[]
 []


Underfull \hbox (badness 10000) in paragraph at lines 27--29
[]\T1/phv/m/n/10 void [] (Vector3[]$ $[] sphere[]Position[]Predictions, BSM.[]Q
uaternion[]$ $[]
 []


Underfull \hbox (badness 5681) in paragraph at lines 29--31
[]\T1/phv/m/n/10 void [] (BSM.[]Quaternion[]$ $[] cylinder[]Orientation[]Predic
tions, int
 []


Underfull \hbox (badness 10000) in paragraph at lines 31--33
[]\T1/phv/m/n/10 void [] (BSM.[]Quaternion[]$ $[] cylinder[]Orientation[]Predic
tions, int
 []

LaTeX Font Info:    Font shape `T1/phv/m/n' will be
(Font)              scaled to size 8.09995pt on input line 41.
[15]
LaTeX Font Info:    Font shape `T1/phv/m/it' in size <9> not available
(Font)              Font shape `T1/phv/m/sl' tried instead on input line 41.
LaTeX Font Info:    Font shape `T1/phv/m/sl' will be
(Font)              scaled to size 8.09995pt on input line 41.
LaTeX Font Info:    Font shape `T1/phv/m/it' in size <7> not available
(Font)              Font shape `T1/phv/m/sl' tried instead on input line 41.
LaTeX Font Info:    Font shape `T1/phv/m/sl' will be
(Font)              scaled to size 6.29996pt on input line 41.
LaTeX Font Info:    Font shape `T1/pcr/m/it' in size <9> not available
(Font)              Font shape `T1/pcr/m/sl' tried instead on input line 43.
LaTeX Font Info:    Font shape `T1/pcr/m/it' in size <7> not available
(Font)              Font shape `T1/pcr/m/sl' tried instead on input line 43.
LaTeX Font Info:    Font shape `T1/phv/m/n' will be
(Font)              scaled to size 7.19995pt on input line 64.
LaTeX Font Info:    Font shape `T1/pcr/m/it' in size <8> not available
(Font)              Font shape `T1/pcr/m/sl' tried instead on input line 70.
LaTeX Font Info:    Font shape `T1/phv/bc/n' will be
(Font)              scaled to size 8.99994pt on input line 72.

Underfull \hbox (badness 10000) detected at line 72
[][][]
 []

[16]
Underfull \hbox (badness 10000) detected at line 92
[][][]
 []

[17]
Underfull \hbox (badness 977) in paragraph at lines 114--114
[]\T1/phv/m/n/10 Solves the bend twist con-straint by cal-cu-lat-ing the cor-re
c-tions \T1/pcr/m/n/10 delta[]Orientation[]One \T1/phv/m/n/10 and \T1/pcr/m/n/1
0 delta[]
 []


Underfull \hbox (badness 10000) detected at line 114
[][][]
 []


Underfull \hbox (badness 10000) detected at line 148
[][][]
 []

[18]
Underfull \hbox (badness 10000) detected at line 174
[][][]
 []


Underfull \hbox (badness 10000) detected at line 177
[][][]
 []

[19]
Underfull \hbox (badness 10000) detected at line 201
[][][]
 []

[20]
Underfull \hbox (badness 10000) detected at line 225
[][][]
 []


Underfull \hbox (badness 10000) detected at line 267
[][][]
 []

[21]
Underfull \hbox (badness 10000) detected at line 295
[][][]
 []


Underfull \hbox (badness 10000) detected at line 298
[][][]
 []

[22]
Underfull \hbox (badness 10000) detected at line 324
[][][]
 []


Underfull \hbox (badness 10000) in paragraph at lines 351--352
\T1/pcr/m/n/8 BSM.[]Quaternion Guidewire[]Sim.[]Constraint[]Solving[]Step.[]del
ta[]Orientation = new BSM.[]Quaternion()
 []


Underfull \hbox (badness 10000) in paragraph at lines 361--362
\T1/pcr/m/n/8 BSM.[]Quaternion Guidewire[]Sim.[]Constraint[]Solving[]Step.[]del
ta[]Orientation[]One = new BSM.[]Quaternion()
 []

[23]
Underfull \hbox (badness 10000) in paragraph at lines 371--372
\T1/pcr/m/n/8 BSM.[]Quaternion Guidewire[]Sim.[]Constraint[]Solving[]Step.[]del
ta[]Orientation[]Two = new BSM.[]Quaternion()
 []

) (class_guidewire_sim_1_1_directors_drawer.tex

pdfTeX warning: pdflatex (file ./class_guidewire_sim_1_1_directors_drawer.pdf):
 PDF inclusion: found PDF version <1.7>, but at most version <1.5> allowed
 <./class_guidewire_sim_1_1_directors_drawer.pdf>
<class_guidewire_sim_1_1_directors_drawer.pdf, id=1838, 501.875pt x 206.7725pt>

File: class_guidewire_sim_1_1_directors_drawer.pdf Graphic file (type pdf)
<use class_guidewire_sim_1_1_directors_drawer.pdf>
Package pdftex.def Info: class_guidewire_sim_1_1_directors_drawer.pdf  used on 
input line 6.
(pdftex.def)             Requested size: 138.11943pt x 56.9055pt.
 [24] [25]
Underfull \hbox (badness 10000) detected at line 68
[][][]
 []

[26] [27]
Underfull \hbox (badness 10000) in paragraph at lines 149--150
\T1/pcr/m/n/8 Color []$ $[] Guidewire[]Sim.[]Directors[]Drawer.[]director[]Colo
rs = new Color[]3[] {Color.[]red, Color.[]green,
 []


Underfull \hbox (badness 10000) detected at line 151
[][][]
 []

) (class_guidewire_sim_1_1_force_test_performer.tex

pdfTeX warning: pdflatex (file ./class_guidewire_sim_1_1_force_test_performer.p
df): PDF inclusion: found PDF version <1.7>, but at most version <1.5> allowed
 <./class_guidewire_sim_1_1_force_test_performer.pdf>
<class_guidewire_sim_1_1_force_test_performer.pdf, id=1901, 501.875pt x 187.701
25pt>
File: class_guidewire_sim_1_1_force_test_performer.pdf Graphic file (type pdf)
<use class_guidewire_sim_1_1_force_test_performer.pdf>
Package pdftex.def Info: class_guidewire_sim_1_1_force_test_performer.pdf  used
 on input line 6.
(pdftex.def)             Requested size: 152.14885pt x 56.9055pt.
 [28] [29] [30]
Underfull \hbox (badness 10000) detected at line 98
[][][]
 []

[31]) (class_guidewire_sim_1_1_initialization_step.tex

pdfTeX warning: pdflatex (file ./class_guidewire_sim_1_1_initialization_step.pd
f): PDF inclusion: found PDF version <1.7>, but at most version <1.5> allowed
 <./class_guidewire_sim_1_1_initialization_step.pdf>
<class_guidewire_sim_1_1_initialization_step.pdf, id=1962, 501.875pt x 210.7875
pt>
File: class_guidewire_sim_1_1_initialization_step.pdf Graphic file (type pdf)
<use class_guidewire_sim_1_1_initialization_step.pdf>
Package pdftex.def Info: class_guidewire_sim_1_1_initialization_step.pdf  used 
on input line 6.
(pdftex.def)             Requested size: 135.48508pt x 56.9055pt.

Underfull \hbox (badness 4156) in paragraph at lines 22--24
[]\T1/phv/m/n/10 void [] (int cylinder[]Count, BSM.[]Quaternion[]$ $[] cylinder
[]Orientations, out
 []

[32]
Underfull \hbox (badness 1960) in paragraph at lines 32--34
[]\T1/phv/m/n/10 void [] (int cylinder[]Count, out BSM.[]Quaternion[]$ $[] cyli
nder[]Orientation[]
 []

[33] [34] [35]
Underfull \hbox (badness 10000) detected at line 165
[][][]
 []


Underfull \hbox (badness 10000) detected at line 189
[][][]
 []

[36] [37] [38]
Underfull \hbox (badness 10000) detected at line 285
[][][]
 []

[39]) (class_guidewire_sim_1_1_math_helper.tex

pdfTeX warning: pdflatex (file ./class_guidewire_sim_1_1_math_helper.pdf): PDF 
inclusion: found PDF version <1.7>, but at most version <1.5> allowed
 <./class_guidewire_sim_1_1_math_helper.pdf>
<class_guidewire_sim_1_1_math_helper.pdf, id=2069, 501.875pt x 240.9pt>
File: class_guidewire_sim_1_1_math_helper.pdf Graphic file (type pdf)
<use class_guidewire_sim_1_1_math_helper.pdf>
Package pdftex.def Info: class_guidewire_sim_1_1_math_helper.pdf  used on input
 line 6.
(pdftex.def)             Requested size: 118.55327pt x 56.9055pt.
 [40]
Underfull \hbox (badness 10000) detected at line 76
[][][]
 []


Underfull \hbox (badness 10000) detected at line 79
[][][]
 []

[41]
Underfull \hbox (badness 10000) detected at line 97
[][][]
 []


Underfull \hbox (badness 10000) detected at line 106
[][][]
 []


Underfull \hbox (badness 10000) detected at line 116
[][][]
 []

[42]
Underfull \hbox (badness 10000) detected at line 134
[][][]
 []


Underfull \hbox (badness 10000) detected at line 137
[][][]
 []


Underfull \hbox (badness 10000) detected at line 140
[][][]
 []


Underfull \hbox (badness 10000) detected at line 149
[][][]
 []


Underfull \hbox (badness 10000) detected at line 157
[][][]
 []

[43]
Underfull \hbox (badness 10000) detected at line 166
[][][]
 []


Underfull \hbox (badness 10000) detected at line 169
[][][]
 []


Underfull \hbox (badness 10000) detected at line 178
[][][]
 []


Underfull \hbox (badness 10000) detected at line 186
[][][]
 []


Underfull \hbox (badness 10000) detected at line 202
[][][]
 []

[44]
Underfull \hbox (badness 10000) detected at line 218
[][][]
 []


Underfull \hbox (badness 10000) detected at line 232
[][][]
 []

[45]
Underfull \hbox (badness 10000) detected at line 246
[][][]
 []


Underfull \hbox (badness 10000) detected at line 255
[][][]
 []


Underfull \hbox (badness 10000) detected at line 258
[][][]
 []


Underfull \hbox (badness 10000) detected at line 276
[][][]
 []

[46]
Underfull \hbox (badness 10000) detected at line 294
[][][]
 []


Underfull \hbox (badness 10000) detected at line 308
[][][]
 []

[47]
Underfull \hbox (badness 10000) detected at line 332
[][][]
 []


Underfull \hbox (badness 10000) detected at line 335
[][][]
 []


Underfull \hbox (badness 10000) detected at line 344
[][][]
 []


Underfull \hbox (badness 10000) detected at line 358
[][][]
 []

[48]
Underfull \hbox (badness 10000) detected at line 372
[][][]
 []

) (class_guidewire_sim_1_1_object_setter.tex

pdfTeX warning: pdflatex (file ./class_guidewire_sim_1_1_object_setter.pdf): PD
F inclusion: found PDF version <1.7>, but at most version <1.5> allowed
 <./class_guidewire_sim_1_1_object_setter.pdf>
<class_guidewire_sim_1_1_object_setter.pdf, id=2169, 501.875pt x 234.8775pt>
File: class_guidewire_sim_1_1_object_setter.pdf Graphic file (type pdf)
<use class_guidewire_sim_1_1_object_setter.pdf>
Package pdftex.def Info: class_guidewire_sim_1_1_object_setter.pdf  used on inp
ut line 6.
(pdftex.def)             Requested size: 121.59349pt x 56.9055pt.

Underfull \hbox (badness 841) in paragraph at lines 16--17
[]\T1/phv/m/n/10 void [] (Game[]Object[]$ $[] cylin-ders, int cylinder[]Count, 
BSM.[]Quaternion[]$ $[] cylinder[]
 []

[49]
Underfull \hbox (badness 10000) detected at line 57
[][][]
 []

[50] [51]) (class_guidewire_sim_1_1_prediction_step.tex

pdfTeX warning: pdflatex (file ./class_guidewire_sim_1_1_prediction_step.pdf): 
PDF inclusion: found PDF version <1.7>, but at most version <1.5> allowed
 <./class_guidewire_sim_1_1_prediction_step.pdf>
<class_guidewire_sim_1_1_prediction_step.pdf, id=2209, 501.875pt x 219.82124pt>

File: class_guidewire_sim_1_1_prediction_step.pdf Graphic file (type pdf)
<use class_guidewire_sim_1_1_prediction_step.pdf>
Package pdftex.def Info: class_guidewire_sim_1_1_prediction_step.pdf  used on i
nput line 6.
(pdftex.def)             Requested size: 129.91772pt x 56.9055pt.

Underfull \hbox (badness 1742) in paragraph at lines 12--14
[]\T1/phv/m/n/10 Vector3[]$ $[] [] (Vector3[]$ $[] sphere[]Velocities, float[]$
 $[] sphere[]Inverse[]Masses, Vector3[]$ $[]
 []

[52]
Underfull \hbox (badness 4391) in paragraph at lines 14--16
[]\T1/phv/m/n/10 Vector3[]$ $[] [] (Vector3[]$ $[] sphere[]Position[]Prediction
s, int spheres[]Count, Vector3[]$ $[]
 []


Underfull \hbox (badness 10000) in paragraph at lines 18--19
[]\T1/phv/m/n/10 BSM.[]Quaternion[]$ $[] [] (BSM.[]Quaternion[]$ $[] cylinder[]
Orientation[]Predictions, int
 []

[53]
Underfull \hbox (badness 10000) detected at line 61
[][][]
 []


Underfull \hbox (badness 10000) detected at line 64
[][][]
 []


Underfull \hbox (badness 10000) detected at line 84
[][][]
 []

[54]
Underfull \hbox (badness 10000) detected at line 104
[][][]
 []


Underfull \hbox (badness 10000) detected at line 122
[][][]
 []


Underfull \hbox (badness 10000) detected at line 125
[][][]
 []

[55]) (class_guidewire_sim_1_1_simulation_loop.tex

pdfTeX warning: pdflatex (file ./class_guidewire_sim_1_1_simulation_loop.pdf): 
PDF inclusion: found PDF version <1.7>, but at most version <1.5> allowed
 <./class_guidewire_sim_1_1_simulation_loop.pdf>
<class_guidewire_sim_1_1_simulation_loop.pdf, id=2258, 501.875pt x 216.81pt>
File: class_guidewire_sim_1_1_simulation_loop.pdf Graphic file (type pdf)
<use class_guidewire_sim_1_1_simulation_loop.pdf>
Package pdftex.def Info: class_guidewire_sim_1_1_simulation_loop.pdf  used on i
nput line 6.
(pdftex.def)             Requested size: 131.725pt x 56.9055pt.
 [56] [57] [58]
Underfull \hbox (badness 10000) detected at line 194
[][][]
 []

[59] [60]
Underfull \hbox (badness 10000) detected at line 280
[][][]
 []


Underfull \hbox (badness 10000) detected at line 289
[][][]
 []

[61]
Underfull \hbox (badness 10000) detected at line 298
[][][]
 []


Underfull \hbox (badness 10000) detected at line 307
[][][]
 []


Underfull \hbox (badness 10000) detected at line 310
[][][]
 []

[62]
Underfull \hbox (badness 10000) detected at line 379
[][][]
 []


Underfull \hbox (badness 10000) detected at line 382
[][][]
 []


Underfull \hbox (badness 2547) in paragraph at lines 383--384
[]\T1/phv/m/n/10 Make sure that the guidewire setup ful-filles that the dis-tan
ce be-tween two ad-ja-cent spheres is
 []

[63]
Underfull \hbox (badness 10000) detected at line 421
[][][]
 []


Underfull \hbox (badness 10000) detected at line 450
[][][]
 []

[64]
Underfull \hbox (badness 10000) detected at line 488
[][][]
 []

[65]) (class_guidewire_sim_1_1_stress_test_performer.tex

pdfTeX warning: pdflatex (file ./class_guidewire_sim_1_1_stress_test_performer.
pdf): PDF inclusion: found PDF version <1.7>, but at most version <1.5> allowed

 <./class_guidewire_sim_1_1_stress_test_performer.pdf>
<class_guidewire_sim_1_1_stress_test_performer.pdf, id=2445, 501.875pt x 186.69
75pt>
File: class_guidewire_sim_1_1_stress_test_performer.pdf Graphic file (type pdf)

<use class_guidewire_sim_1_1_stress_test_performer.pdf>
Package pdftex.def Info: class_guidewire_sim_1_1_stress_test_performer.pdf  use
d on input line 6.
(pdftex.def)             Requested size: 152.96826pt x 56.9055pt.

Underfull \hbox (badness 10000) detected at line 30
[][][]
 []

[66]
Underfull \hbox (badness 10000) detected at line 53
[][][]
 []

[67]) (class_guidewire_sim_1_1_torque_test_performer.tex

pdfTeX warning: pdflatex (file ./class_guidewire_sim_1_1_torque_test_performer.
pdf): PDF inclusion: found PDF version <1.7>, but at most version <1.5> allowed

 <./class_guidewire_sim_1_1_torque_test_performer.pdf>
<class_guidewire_sim_1_1_torque_test_performer.pdf, id=2480, 501.875pt x 182.68
25pt>
File: class_guidewire_sim_1_1_torque_test_performer.pdf Graphic file (type pdf)

<use class_guidewire_sim_1_1_torque_test_performer.pdf>
Package pdftex.def Info: class_guidewire_sim_1_1_torque_test_performer.pdf  use
d on input line 6.
(pdftex.def)             Requested size: 156.33012pt x 56.9055pt.
 [68] [69] [70])
(class_unit_test___solve_bend_twist_constraint.tex
Underfull \hbox (badness 2158) in paragraph at lines 11--12
[]\T1/phv/m/n/10 void [] (int it-er-a-tions, BSM.[]Quaternion orientation[]One,
 BSM.[]Quaternion
 []


Underfull \hbox (badness 927) in paragraph at lines 11--12
\T1/phv/m/n/10 orientation[]Two, float rod[]Element[]Length, Vec-tor3 discrete[
]Rest[]Darboux[]Vector, []
 []

[71]
Underfull \hbox (badness 10000) detected at line 32
[][][]
 []

[72]) (class_unit_test___solve_stretch_constraint.tex [73]
Underfull \hbox (badness 2080) in paragraph at lines 44--44
[]\T1/phv/m/n/10 Picks the first par-ti-cle po-si-tion uni-formly dis-tributed 
with $\OML/cmm/m/it/10 x; y; z \OMS/cmsy/m/n/10 2 \OT1/cmr/m/n/10 [\OMS/cmsy/m/
n/10  \OT1/cmr/m/n/10 5\OML/cmm/m/it/10 ; \OT1/cmr/m/n/10 5]$ \T1/phv/m/n/10 an
d the sec-ond uni-formly
 []


Underfull \hbox (badness 4479) in paragraph at lines 44--44
\T1/phv/m/n/10 dis-tributed around the first po-si-tion with a uni-formly dis-t
ributed dis-tance in $\OT1/cmr/m/n/10 [\OML/cmm/m/it/10 rodElementLength \OMS/c
msy/m/n/10  
 []


Underfull \hbox (badness 10000) detected at line 44
[][][]
 []


Underfull \hbox (badness 2351) in paragraph at lines 57--58
[]\T1/phv/m/n/10 Picks a dis-tance be-tween the two par-ti-cles that is uni-for
mly dis-tributed in the in-ter-val
 []


Overfull \hbox (36.82942pt too wide) in paragraph at lines 57--58
\OT1/cmr/m/n/10 [\OML/cmm/m/it/10 rodElementLength \OMS/cmsy/m/n/10   \OML/cmm/
m/it/10 maximalDistanceOffset; rodElementLength \OT1/cmr/m/n/10 + \OML/cmm/m/it
/10 maximalDistanceOffset\OT1/cmr/m/n/10 ]$\T1/phv/m/n/10 . 
 []

[74]
Underfull \hbox (badness 10000) detected at line 87
[][][]
 []

[75]
Underfull \hbox (badness 10000) detected at line 109
[][][]
 []

) (class_guidewire_sim_1_1_update_step.tex

pdfTeX warning: pdflatex (file ./class_guidewire_sim_1_1_update_step.pdf): PDF 
inclusion: found PDF version <1.7>, but at most version <1.5> allowed
 <./class_guidewire_sim_1_1_update_step.pdf>
<class_guidewire_sim_1_1_update_step.pdf, id=2604, 501.875pt x 243.91125pt>
File: class_guidewire_sim_1_1_update_step.pdf Graphic file (type pdf)
<use class_guidewire_sim_1_1_update_step.pdf>
Package pdftex.def Info: class_guidewire_sim_1_1_update_step.pdf  used on input
 line 6.
(pdftex.def)             Requested size: 117.08293pt x 56.9055pt.
 [76]
Underfull \hbox (badness 10000) detected at line 59
[][][]
 []

[77]
Underfull \hbox (badness 10000) detected at line 77
[][][]
 []


Underfull \hbox (badness 10000) detected at line 95
[][][]
 []

[78]
Underfull \hbox (badness 10000) detected at line 115
[][][]
 []

) [79] [80

]
Chapter 8.
(_constraint_solving_step_8cs.tex) (_directors_drawer_8cs.tex)
(_force_test_performer_8cs.tex [81]) (_initialization_step_8cs.tex)
(_math_helper_8cs.tex) (_object_setter_8cs.tex [82]) (_prediction_step_8cs.tex
[83]) (_simulation_loop_8cs.tex) (_stress_test_performer_8cs.tex)
(_torque_test_performer_8cs.tex [84])
(_unit_test___solve_bend_twist_constraint_8cs.tex)
(_unit_test___solve_stretch_constraint_8cs.tex) (_update_step_8cs.tex [85])
[86] (refman.ind [87



] [88] [89] [90] [91]) (refman.aux)
Package rerunfilecheck Info: File `refman.out' has not changed.
(rerunfilecheck)             Checksum: 42421B6A260D0FD2F07492E9E7910BA4;58546.
 ) 
Here is how much of TeX's memory you used:
 17950 strings out of 478927
 307086 string characters out of 2852535
 666957 words of memory out of 3000000
 34680 multiletter control sequences out of 15000+600000
 461480 words of font info for 97 fonts, out of 8000000 for 9000
 1141 hyphenation exceptions out of 8191
 101i,16n,117p,874b,635s stack positions out of 5000i,500n,10000p,200000b,80000s
{C:/Users/thund/AppData/Local/Programs/MiKTeX/fonts/enc/dvips/base/8r.enc}<C:
/Users/thund/AppData/Local/Programs/MiKTeX/fonts/type1/public/amsfonts/cm/cmex1
0.pfb><C:/Users/thund/AppData/Local/Programs/MiKTeX/fonts/type1/public/amsfonts
/cm/cmmi10.pfb><C:/Users/thund/AppData/Local/Programs/MiKTeX/fonts/type1/public
/amsfonts/cm/cmmi7.pfb><C:/Users/thund/AppData/Local/Programs/MiKTeX/fonts/type
1/public/amsfonts/cm/cmr10.pfb><C:/Users/thund/AppData/Local/Programs/MiKTeX/fo
nts/type1/public/amsfonts/cm/cmr5.pfb><C:/Users/thund/AppData/Local/Programs/Mi
KTeX/fonts/type1/public/amsfonts/cm/cmr7.pfb><C:/Users/thund/AppData/Local/Prog
rams/MiKTeX/fonts/type1/public/amsfonts/cm/cmsy10.pfb><C:/Users/thund/AppData/L
ocal/Programs/MiKTeX/fonts/type1/public/amsfonts/cm/cmsy7.pfb><C:/Users/thund/A
ppData/Local/Programs/MiKTeX/fonts/type1/public/amsfonts/symbols/msbm10.pfb><C:
/Users/thund/AppData/Local/Programs/MiKTeX/fonts/type1/urw/courier/ucrr8a.pfb><
C:/Users/thund/AppData/Local/Programs/MiKTeX/fonts/type1/urw/courier/ucrro8a.pf
b><C:/Users/thund/AppData/Local/Programs/MiKTeX/fonts/type1/urw/helvetic/uhvb8a
.pfb><C:/Users/thund/AppData/Local/Programs/MiKTeX/fonts/type1/urw/helvetic/uhv
b8ac.pfb><C:/Users/thund/AppData/Local/Programs/MiKTeX/fonts/type1/urw/helvetic
/uhvr8a.pfb><C:/Users/thund/AppData/Local/Programs/MiKTeX/fonts/type1/urw/helve
tic/uhvro8a.pfb>
Output written on refman.pdf (101 pages, 843886 bytes).
PDF statistics:
 3388 PDF objects out of 3580 (max. 8388607)
 740 named destinations out of 1000 (max. 500000)
 2192 words of extra memory for PDF output out of 10000 (max. 10000000)

