\BOOKMARK [0][-]{chapter.1}{\376\377\0001\000\040\000R\000e\000q\000u\000i\000r\000e\000m\000e\000n\000t\000s\000\040\000T\000r\000a\000c\000e\000a\000b\000i\000l\000i\000t\000y}{}% 1
\BOOKMARK [0][-]{chapter.2}{\376\377\0002\000\040\000N\000a\000m\000e\000s\000p\000a\000c\000e\000\040\000I\000n\000d\000e\000x}{}% 2
\BOOKMARK [1][-]{section.2.1}{\376\377\0002\000.\0001\000\040\000P\000a\000c\000k\000a\000g\000e\000s}{chapter.2}% 3
\BOOKMARK [0][-]{chapter.3}{\376\377\0003\000\040\000H\000i\000e\000r\000a\000r\000c\000h\000i\000c\000a\000l\000\040\000I\000n\000d\000e\000x}{}% 4
\BOOKMARK [1][-]{section.3.1}{\376\377\0003\000.\0001\000\040\000C\000l\000a\000s\000s\000\040\000H\000i\000e\000r\000a\000r\000c\000h\000y}{chapter.3}% 5
\BOOKMARK [0][-]{chapter.4}{\376\377\0004\000\040\000C\000l\000a\000s\000s\000\040\000I\000n\000d\000e\000x}{}% 6
\BOOKMARK [1][-]{section.4.1}{\376\377\0004\000.\0001\000\040\000C\000l\000a\000s\000s\000\040\000L\000i\000s\000t}{chapter.4}% 7
\BOOKMARK [0][-]{chapter.5}{\376\377\0005\000\040\000F\000i\000l\000e\000\040\000I\000n\000d\000e\000x}{}% 8
\BOOKMARK [1][-]{section.5.1}{\376\377\0005\000.\0001\000\040\000F\000i\000l\000e\000\040\000L\000i\000s\000t}{chapter.5}% 9
\BOOKMARK [0][-]{chapter.6}{\376\377\0006\000\040\000N\000a\000m\000e\000s\000p\000a\000c\000e\000\040\000D\000o\000c\000u\000m\000e\000n\000t\000a\000t\000i\000o\000n}{}% 10
\BOOKMARK [1][-]{section.6.1}{\376\377\0006\000.\0001\000\040\000G\000u\000i\000d\000e\000w\000i\000r\000e\000S\000i\000m\000\040\000N\000a\000m\000e\000s\000p\000a\000c\000e\000\040\000R\000e\000f\000e\000r\000e\000n\000c\000e}{chapter.6}% 11
\BOOKMARK [0][-]{chapter.7}{\376\377\0007\000\040\000C\000l\000a\000s\000s\000\040\000D\000o\000c\000u\000m\000e\000n\000t\000a\000t\000i\000o\000n}{}% 12
\BOOKMARK [1][-]{section.7.1}{\376\377\0007\000.\0001\000\040\000G\000u\000i\000d\000e\000w\000i\000r\000e\000S\000i\000m\000.\000C\000o\000n\000s\000t\000r\000a\000i\000n\000t\000S\000o\000l\000v\000i\000n\000g\000S\000t\000e\000p\000\040\000C\000l\000a\000s\000s\000\040\000R\000e\000f\000e\000r\000e\000n\000c\000e}{chapter.7}% 13
\BOOKMARK [2][-]{subsection.7.1.1}{\376\377\0007\000.\0001\000.\0001\000\040\000D\000e\000t\000a\000i\000l\000e\000d\000\040\000D\000e\000s\000c\000r\000i\000p\000t\000i\000o\000n}{section.7.1}% 14
\BOOKMARK [2][-]{subsection.7.1.2}{\376\377\0007\000.\0001\000.\0002\000\040\000M\000e\000m\000b\000e\000r\000\040\000F\000u\000n\000c\000t\000i\000o\000n\000\040\000D\000o\000c\000u\000m\000e\000n\000t\000a\000t\000i\000o\000n}{section.7.1}% 15
\BOOKMARK [3][-]{subsubsection.7.1.2.1}{\376\377\0007\000.\0001\000.\0002\000.\0001\000\040\000A\000w\000a\000k\000e\000\050\000\051}{subsection.7.1.2}% 16
\BOOKMARK [3][-]{subsubsection.7.1.2.2}{\376\377\0007\000.\0001\000.\0002\000.\0002\000\040\000C\000o\000r\000r\000e\000c\000t\000B\000e\000n\000d\000T\000w\000i\000s\000t\000P\000r\000e\000d\000i\000c\000t\000i\000o\000n\000s\000\050\000\051}{subsection.7.1.2}% 17
\BOOKMARK [3][-]{subsubsection.7.1.2.3}{\376\377\0007\000.\0001\000.\0002\000.\0003\000\040\000C\000o\000r\000r\000e\000c\000t\000S\000t\000r\000e\000t\000c\000h\000P\000r\000e\000d\000i\000c\000t\000i\000o\000n\000s\000\050\000\051}{subsection.7.1.2}% 18
\BOOKMARK [3][-]{subsubsection.7.1.2.4}{\376\377\0007\000.\0001\000.\0002\000.\0004\000\040\000S\000o\000l\000v\000e\000B\000e\000n\000d\000T\000w\000i\000s\000t\000C\000o\000n\000s\000t\000r\000a\000i\000n\000t\000\050\000\051}{subsection.7.1.2}% 19
\BOOKMARK [3][-]{subsubsection.7.1.2.5}{\376\377\0007\000.\0001\000.\0002\000.\0005\000\040\000S\000o\000l\000v\000e\000B\000e\000n\000d\000T\000w\000i\000s\000t\000C\000o\000n\000s\000t\000r\000a\000i\000n\000t\000s\000\050\000\051}{subsection.7.1.2}% 20
\BOOKMARK [3][-]{subsubsection.7.1.2.6}{\376\377\0007\000.\0001\000.\0002\000.\0006\000\040\000S\000o\000l\000v\000e\000B\000e\000n\000d\000T\000w\000i\000s\000t\000C\000o\000n\000s\000t\000r\000a\000i\000n\000t\000s\000I\000n\000B\000i\000l\000a\000t\000e\000r\000a\000l\000O\000r\000d\000e\000r\000\050\000\051}{subsection.7.1.2}% 21
\BOOKMARK [3][-]{subsubsection.7.1.2.7}{\376\377\0007\000.\0001\000.\0002\000.\0007\000\040\000S\000o\000l\000v\000e\000B\000e\000n\000d\000T\000w\000i\000s\000t\000C\000o\000n\000s\000t\000r\000a\000i\000n\000t\000s\000I\000n\000N\000a\000i\000v\000e\000O\000r\000d\000e\000r\000\050\000\051}{subsection.7.1.2}% 22
\BOOKMARK [3][-]{subsubsection.7.1.2.8}{\376\377\0007\000.\0001\000.\0002\000.\0008\000\040\000S\000o\000l\000v\000e\000S\000t\000r\000e\000t\000c\000h\000C\000o\000n\000s\000t\000r\000a\000i\000n\000t\000\050\000\051}{subsection.7.1.2}% 23
\BOOKMARK [3][-]{subsubsection.7.1.2.9}{\376\377\0007\000.\0001\000.\0002\000.\0009\000\040\000S\000o\000l\000v\000e\000S\000t\000r\000e\000t\000c\000h\000C\000o\000n\000s\000t\000r\000a\000i\000n\000t\000s\000\050\000\051}{subsection.7.1.2}% 24
\BOOKMARK [3][-]{subsubsection.7.1.2.10}{\376\377\0007\000.\0001\000.\0002\000.\0001\0000\000\040\000S\000o\000l\000v\000e\000S\000t\000r\000e\000t\000c\000h\000C\000o\000n\000s\000t\000r\000a\000i\000n\000t\000s\000I\000n\000B\000i\000l\000a\000t\000e\000r\000a\000l\000O\000r\000d\000e\000r\000\050\000\051}{subsection.7.1.2}% 25
\BOOKMARK [3][-]{subsubsection.7.1.2.11}{\376\377\0007\000.\0001\000.\0002\000.\0001\0001\000\040\000S\000o\000l\000v\000e\000S\000t\000r\000e\000t\000c\000h\000C\000o\000n\000s\000t\000r\000a\000i\000n\000t\000s\000I\000n\000N\000a\000i\000v\000e\000O\000r\000d\000e\000r\000\050\000\051}{subsection.7.1.2}% 26
\BOOKMARK [2][-]{subsection.7.1.3}{\376\377\0007\000.\0001\000.\0003\000\040\000M\000e\000m\000b\000e\000r\000\040\000D\000a\000t\000a\000\040\000D\000o\000c\000u\000m\000e\000n\000t\000a\000t\000i\000o\000n}{section.7.1}% 27
\BOOKMARK [3][-]{subsubsection.7.1.3.1}{\376\377\0007\000.\0001\000.\0003\000.\0001\000\040\000d\000e\000l\000t\000a\000O\000r\000i\000e\000n\000t\000a\000t\000i\000o\000n}{subsection.7.1.3}% 28
\BOOKMARK [3][-]{subsubsection.7.1.3.2}{\376\377\0007\000.\0001\000.\0003\000.\0002\000\040\000d\000e\000l\000t\000a\000O\000r\000i\000e\000n\000t\000a\000t\000i\000o\000n\000O\000n\000e}{subsection.7.1.3}% 29
\BOOKMARK [3][-]{subsubsection.7.1.3.3}{\376\377\0007\000.\0001\000.\0003\000.\0003\000\040\000d\000e\000l\000t\000a\000O\000r\000i\000e\000n\000t\000a\000t\000i\000o\000n\000T\000w\000o}{subsection.7.1.3}% 30
\BOOKMARK [3][-]{subsubsection.7.1.3.4}{\376\377\0007\000.\0001\000.\0003\000.\0004\000\040\000d\000e\000l\000t\000a\000P\000o\000s\000i\000t\000i\000o\000n\000O\000n\000e}{subsection.7.1.3}% 31
\BOOKMARK [3][-]{subsubsection.7.1.3.5}{\376\377\0007\000.\0001\000.\0003\000.\0005\000\040\000d\000e\000l\000t\000a\000P\000o\000s\000i\000t\000i\000o\000n\000T\000w\000o}{subsection.7.1.3}% 32
\BOOKMARK [3][-]{subsubsection.7.1.3.6}{\376\377\0007\000.\0001\000.\0003\000.\0006\000\040\000e\000x\000e\000c\000u\000t\000e\000I\000n\000B\000i\000l\000a\000t\000e\000r\000a\000l\000O\000r\000d\000e\000r}{subsection.7.1.3}% 33
\BOOKMARK [3][-]{subsubsection.7.1.3.7}{\376\377\0007\000.\0001\000.\0003\000.\0007\000\040\000m\000a\000t\000h\000H\000e\000l\000p\000e\000r}{subsection.7.1.3}% 34
\BOOKMARK [1][-]{section.7.2}{\376\377\0007\000.\0002\000\040\000G\000u\000i\000d\000e\000w\000i\000r\000e\000S\000i\000m\000.\000D\000i\000r\000e\000c\000t\000o\000r\000s\000D\000r\000a\000w\000e\000r\000\040\000C\000l\000a\000s\000s\000\040\000R\000e\000f\000e\000r\000e\000n\000c\000e}{chapter.7}% 35
\BOOKMARK [2][-]{subsection.7.2.1}{\376\377\0007\000.\0002\000.\0001\000\040\000D\000e\000t\000a\000i\000l\000e\000d\000\040\000D\000e\000s\000c\000r\000i\000p\000t\000i\000o\000n}{section.7.2}% 36
\BOOKMARK [2][-]{subsection.7.2.2}{\376\377\0007\000.\0002\000.\0002\000\040\000M\000e\000m\000b\000e\000r\000\040\000F\000u\000n\000c\000t\000i\000o\000n\000\040\000D\000o\000c\000u\000m\000e\000n\000t\000a\000t\000i\000o\000n}{section.7.2}% 37
\BOOKMARK [3][-]{subsubsection.7.2.2.1}{\376\377\0007\000.\0002\000.\0002\000.\0001\000\040\000A\000w\000a\000k\000e\000\050\000\051}{subsection.7.2.2}% 38
\BOOKMARK [3][-]{subsubsection.7.2.2.2}{\376\377\0007\000.\0002\000.\0002\000.\0002\000\040\000C\000a\000l\000c\000u\000l\000a\000t\000e\000A\000r\000r\000o\000w\000H\000e\000a\000d\000P\000o\000s\000i\000t\000i\000o\000n\000s\000\050\000\051}{subsection.7.2.2}% 39
\BOOKMARK [3][-]{subsubsection.7.2.2.3}{\376\377\0007\000.\0002\000.\0002\000.\0003\000\040\000D\000r\000a\000w\000A\000r\000r\000o\000w\000H\000e\000a\000d\000C\000o\000n\000n\000e\000c\000t\000i\000o\000n\000L\000i\000n\000e\000s\000\050\000\051}{subsection.7.2.2}% 40
\BOOKMARK [3][-]{subsubsection.7.2.2.4}{\376\377\0007\000.\0002\000.\0002\000.\0004\000\040\000D\000r\000a\000w\000A\000r\000r\000o\000w\000H\000e\000a\000d\000L\000i\000n\000e\000s\000\050\000\051}{subsection.7.2.2}% 41
\BOOKMARK [3][-]{subsubsection.7.2.2.5}{\376\377\0007\000.\0002\000.\0002\000.\0005\000\040\000D\000r\000a\000w\000D\000i\000r\000e\000c\000t\000o\000r\000s\000\050\000\051}{subsection.7.2.2}% 42
\BOOKMARK [3][-]{subsubsection.7.2.2.6}{\376\377\0007\000.\0002\000.\0002\000.\0006\000\040\000U\000p\000d\000a\000t\000e\000\050\000\051}{subsection.7.2.2}% 43
\BOOKMARK [2][-]{subsection.7.2.3}{\376\377\0007\000.\0002\000.\0003\000\040\000M\000e\000m\000b\000e\000r\000\040\000D\000a\000t\000a\000\040\000D\000o\000c\000u\000m\000e\000n\000t\000a\000t\000i\000o\000n}{section.7.2}% 44
\BOOKMARK [3][-]{subsubsection.7.2.3.1}{\376\377\0007\000.\0002\000.\0003\000.\0001\000\040\000a\000r\000r\000o\000w\000H\000e\000a\000d\000A\000n\000g\000l\000e}{subsection.7.2.3}% 45
\BOOKMARK [3][-]{subsubsection.7.2.3.2}{\376\377\0007\000.\0002\000.\0003\000.\0002\000\040\000a\000r\000r\000o\000w\000H\000e\000a\000d\000P\000e\000r\000c\000e\000n\000t\000a\000g\000e}{subsection.7.2.3}% 46
\BOOKMARK [3][-]{subsubsection.7.2.3.3}{\376\377\0007\000.\0002\000.\0003\000.\0003\000\040\000d\000i\000r\000e\000c\000t\000o\000r\000C\000o\000l\000o\000r\000s}{subsection.7.2.3}% 47
\BOOKMARK [3][-]{subsubsection.7.2.3.4}{\376\377\0007\000.\0002\000.\0003\000.\0004\000\040\000d\000i\000r\000e\000c\000t\000o\000r\000O\000n\000e\000C\000o\000l\000o\000r}{subsection.7.2.3}% 48
\BOOKMARK [3][-]{subsubsection.7.2.3.5}{\376\377\0007\000.\0002\000.\0003\000.\0005\000\040\000d\000i\000r\000e\000c\000t\000o\000r\000T\000h\000r\000e\000e\000C\000o\000l\000o\000r}{subsection.7.2.3}% 49
\BOOKMARK [3][-]{subsubsection.7.2.3.6}{\376\377\0007\000.\0002\000.\0003\000.\0006\000\040\000d\000i\000r\000e\000c\000t\000o\000r\000T\000w\000o\000C\000o\000l\000o\000r}{subsection.7.2.3}% 50
\BOOKMARK [3][-]{subsubsection.7.2.3.7}{\376\377\0007\000.\0002\000.\0003\000.\0007\000\040\000s\000c\000a\000l\000e\000F\000a\000c\000t\000o\000r}{subsection.7.2.3}% 51
\BOOKMARK [3][-]{subsubsection.7.2.3.8}{\376\377\0007\000.\0002\000.\0003\000.\0008\000\040\000s\000i\000m\000u\000l\000a\000t\000i\000o\000n\000L\000o\000o\000p}{subsection.7.2.3}% 52
\BOOKMARK [1][-]{section.7.3}{\376\377\0007\000.\0003\000\040\000G\000u\000i\000d\000e\000w\000i\000r\000e\000S\000i\000m\000.\000F\000o\000r\000c\000e\000T\000e\000s\000t\000P\000e\000r\000f\000o\000r\000m\000e\000r\000\040\000C\000l\000a\000s\000s\000\040\000R\000e\000f\000e\000r\000e\000n\000c\000e}{chapter.7}% 53
\BOOKMARK [2][-]{subsection.7.3.1}{\376\377\0007\000.\0003\000.\0001\000\040\000D\000e\000t\000a\000i\000l\000e\000d\000\040\000D\000e\000s\000c\000r\000i\000p\000t\000i\000o\000n}{section.7.3}% 54
\BOOKMARK [2][-]{subsection.7.3.2}{\376\377\0007\000.\0003\000.\0002\000\040\000M\000e\000m\000b\000e\000r\000\040\000F\000u\000n\000c\000t\000i\000o\000n\000\040\000D\000o\000c\000u\000m\000e\000n\000t\000a\000t\000i\000o\000n}{section.7.3}% 55
\BOOKMARK [3][-]{subsubsection.7.3.2.1}{\376\377\0007\000.\0003\000.\0002\000.\0001\000\040\000A\000w\000a\000k\000e\000\050\000\051}{subsection.7.3.2}% 56
\BOOKMARK [3][-]{subsubsection.7.3.2.2}{\376\377\0007\000.\0003\000.\0002\000.\0002\000\040\000P\000e\000r\000f\000o\000r\000m\000F\000o\000r\000c\000e\000T\000e\000s\000t\000F\000o\000u\000r\000\050\000\051}{subsection.7.3.2}% 57
\BOOKMARK [3][-]{subsubsection.7.3.2.3}{\376\377\0007\000.\0003\000.\0002\000.\0003\000\040\000P\000e\000r\000f\000o\000r\000m\000F\000o\000r\000c\000e\000T\000e\000s\000t\000O\000n\000e\000\050\000\051}{subsection.7.3.2}% 58
\BOOKMARK [3][-]{subsubsection.7.3.2.4}{\376\377\0007\000.\0003\000.\0002\000.\0004\000\040\000P\000e\000r\000f\000o\000r\000m\000F\000o\000r\000c\000e\000T\000e\000s\000t\000s\000\050\000\051}{subsection.7.3.2}% 59
\BOOKMARK [3][-]{subsubsection.7.3.2.5}{\376\377\0007\000.\0003\000.\0002\000.\0005\000\040\000P\000e\000r\000f\000o\000r\000m\000F\000o\000r\000c\000e\000T\000e\000s\000t\000T\000h\000r\000e\000e\000\050\000\051}{subsection.7.3.2}% 60
\BOOKMARK [3][-]{subsubsection.7.3.2.6}{\376\377\0007\000.\0003\000.\0002\000.\0006\000\040\000P\000e\000r\000f\000o\000r\000m\000F\000o\000r\000c\000e\000T\000e\000s\000t\000T\000w\000o\000\050\000\051}{subsection.7.3.2}% 61
\BOOKMARK [3][-]{subsubsection.7.3.2.7}{\376\377\0007\000.\0003\000.\0002\000.\0007\000\040\000P\000e\000r\000f\000o\000r\000m\000S\000i\000n\000g\000l\000e\000L\000o\000o\000p\000T\000e\000s\000t\000\050\000\051}{subsection.7.3.2}% 62
\BOOKMARK [3][-]{subsubsection.7.3.2.8}{\376\377\0007\000.\0003\000.\0002\000.\0008\000\040\000S\000t\000a\000r\000t\000\050\000\051}{subsection.7.3.2}% 63
\BOOKMARK [2][-]{subsection.7.3.3}{\376\377\0007\000.\0003\000.\0003\000\040\000M\000e\000m\000b\000e\000r\000\040\000D\000a\000t\000a\000\040\000D\000o\000c\000u\000m\000e\000n\000t\000a\000t\000i\000o\000n}{section.7.3}% 64
\BOOKMARK [3][-]{subsubsection.7.3.3.1}{\376\377\0007\000.\0003\000.\0003\000.\0001\000\040\000d\000o\000F\000o\000r\000c\000e\000T\000e\000s\000t\000F\000o\000u\000r}{subsection.7.3.3}% 65
\BOOKMARK [3][-]{subsubsection.7.3.3.2}{\376\377\0007\000.\0003\000.\0003\000.\0002\000\040\000d\000o\000F\000o\000r\000c\000e\000T\000e\000s\000t\000O\000n\000e}{subsection.7.3.3}% 66
\BOOKMARK [3][-]{subsubsection.7.3.3.3}{\376\377\0007\000.\0003\000.\0003\000.\0003\000\040\000d\000o\000F\000o\000r\000c\000e\000T\000e\000s\000t\000T\000h\000r\000e\000e}{subsection.7.3.3}% 67
\BOOKMARK [3][-]{subsubsection.7.3.3.4}{\376\377\0007\000.\0003\000.\0003\000.\0004\000\040\000d\000o\000F\000o\000r\000c\000e\000T\000e\000s\000t\000T\000w\000o}{subsection.7.3.3}% 68
\BOOKMARK [3][-]{subsubsection.7.3.3.5}{\376\377\0007\000.\0003\000.\0003\000.\0005\000\040\000d\000o\000S\000i\000n\000g\000l\000e\000L\000o\000o\000p\000T\000e\000s\000t}{subsection.7.3.3}% 69
\BOOKMARK [3][-]{subsubsection.7.3.3.6}{\376\377\0007\000.\0003\000.\0003\000.\0006\000\040\000p\000u\000l\000l\000F\000o\000r\000c\000e\000T\000e\000s\000t\000T\000h\000r\000e\000e}{subsection.7.3.3}% 70
\BOOKMARK [3][-]{subsubsection.7.3.3.7}{\376\377\0007\000.\0003\000.\0003\000.\0007\000\040\000s\000i\000m\000u\000l\000a\000t\000i\000o\000n\000L\000o\000o\000p}{subsection.7.3.3}% 71
\BOOKMARK [1][-]{section.7.4}{\376\377\0007\000.\0004\000\040\000G\000u\000i\000d\000e\000w\000i\000r\000e\000S\000i\000m\000.\000I\000n\000i\000t\000i\000a\000l\000i\000z\000a\000t\000i\000o\000n\000S\000t\000e\000p\000\040\000C\000l\000a\000s\000s\000\040\000R\000e\000f\000e\000r\000e\000n\000c\000e}{chapter.7}% 72
\BOOKMARK [2][-]{subsection.7.4.1}{\376\377\0007\000.\0004\000.\0001\000\040\000D\000e\000t\000a\000i\000l\000e\000d\000\040\000D\000e\000s\000c\000r\000i\000p\000t\000i\000o\000n}{section.7.4}% 73
\BOOKMARK [2][-]{subsection.7.4.2}{\376\377\0007\000.\0004\000.\0002\000\040\000M\000e\000m\000b\000e\000r\000\040\000F\000u\000n\000c\000t\000i\000o\000n\000\040\000D\000o\000c\000u\000m\000e\000n\000t\000a\000t\000i\000o\000n}{section.7.4}% 74
\BOOKMARK [3][-]{subsubsection.7.4.2.1}{\376\377\0007\000.\0004\000.\0002\000.\0001\000\040\000A\000w\000a\000k\000e\000\050\000\051}{subsection.7.4.2}% 75
\BOOKMARK [3][-]{subsubsection.7.4.2.2}{\376\377\0007\000.\0004\000.\0002\000.\0002\000\040\000I\000n\000i\000t\000C\000y\000l\000i\000n\000d\000e\000r\000A\000n\000g\000u\000l\000a\000r\000V\000e\000l\000o\000c\000i\000t\000i\000e\000s\000\050\000\051}{subsection.7.4.2}% 76
\BOOKMARK [3][-]{subsubsection.7.4.2.3}{\376\377\0007\000.\0004\000.\0002\000.\0003\000\040\000I\000n\000i\000t\000C\000y\000l\000i\000n\000d\000e\000r\000E\000x\000t\000e\000r\000n\000a\000l\000T\000o\000r\000q\000u\000e\000s\000\050\000\051}{subsection.7.4.2}% 77
\BOOKMARK [3][-]{subsubsection.7.4.2.4}{\376\377\0007\000.\0004\000.\0002\000.\0004\000\040\000I\000n\000i\000t\000C\000y\000l\000i\000n\000d\000e\000r\000O\000r\000i\000e\000n\000t\000a\000t\000i\000o\000n\000P\000r\000e\000d\000i\000c\000t\000i\000o\000n\000s\000\050\000\051}{subsection.7.4.2}% 78
\BOOKMARK [3][-]{subsubsection.7.4.2.5}{\376\377\0007\000.\0004\000.\0002\000.\0005\000\040\000I\000n\000i\000t\000C\000y\000l\000i\000n\000d\000e\000r\000O\000r\000i\000e\000n\000t\000a\000t\000i\000o\000n\000s\000\050\000\051}{subsection.7.4.2}% 79
\BOOKMARK [3][-]{subsubsection.7.4.2.6}{\376\377\0007\000.\0004\000.\0002\000.\0006\000\040\000I\000n\000i\000t\000C\000y\000l\000i\000n\000d\000e\000r\000P\000o\000s\000i\000t\000i\000o\000n\000s\000\050\000\051}{subsection.7.4.2}% 80
\BOOKMARK [3][-]{subsubsection.7.4.2.7}{\376\377\0007\000.\0004\000.\0002\000.\0007\000\040\000I\000n\000i\000t\000C\000y\000l\000i\000n\000d\000e\000r\000S\000c\000a\000l\000a\000r\000W\000e\000i\000g\000h\000t\000s\000\050\000\051}{subsection.7.4.2}% 81
\BOOKMARK [3][-]{subsubsection.7.4.2.8}{\376\377\0007\000.\0004\000.\0002\000.\0008\000\040\000I\000n\000i\000t\000D\000i\000r\000e\000c\000t\000o\000r\000s\000\050\000\051}{subsection.7.4.2}% 82
\BOOKMARK [3][-]{subsubsection.7.4.2.9}{\376\377\0007\000.\0004\000.\0002\000.\0009\000\040\000I\000n\000i\000t\000D\000i\000s\000c\000r\000e\000t\000e\000R\000e\000s\000t\000D\000a\000r\000b\000o\000u\000x\000V\000e\000c\000t\000o\000r\000s\000\050\000\051}{subsection.7.4.2}% 83
\BOOKMARK [3][-]{subsubsection.7.4.2.10}{\376\377\0007\000.\0004\000.\0002\000.\0001\0000\000\040\000I\000n\000i\000t\000I\000n\000e\000r\000t\000i\000a\000T\000e\000n\000s\000o\000r\000\050\000\051}{subsection.7.4.2}% 84
\BOOKMARK [3][-]{subsubsection.7.4.2.11}{\376\377\0007\000.\0004\000.\0002\000.\0001\0001\000\040\000I\000n\000i\000t\000I\000n\000v\000e\000r\000s\000e\000I\000n\000e\000r\000t\000i\000a\000T\000e\000n\000s\000o\000r\000\050\000\051}{subsection.7.4.2}% 85
\BOOKMARK [3][-]{subsubsection.7.4.2.12}{\376\377\0007\000.\0004\000.\0002\000.\0001\0002\000\040\000I\000n\000i\000t\000S\000p\000h\000e\000r\000e\000E\000x\000t\000e\000r\000n\000a\000l\000F\000o\000r\000c\000e\000s\000\050\000\051}{subsection.7.4.2}% 86
\BOOKMARK [3][-]{subsubsection.7.4.2.13}{\376\377\0007\000.\0004\000.\0002\000.\0001\0003\000\040\000I\000n\000i\000t\000S\000p\000h\000e\000r\000e\000I\000n\000v\000e\000r\000s\000e\000M\000a\000s\000s\000e\000s\000\050\000\051}{subsection.7.4.2}% 87
\BOOKMARK [3][-]{subsubsection.7.4.2.14}{\376\377\0007\000.\0004\000.\0002\000.\0001\0004\000\040\000I\000n\000i\000t\000S\000p\000h\000e\000r\000e\000P\000o\000s\000i\000t\000i\000o\000n\000P\000r\000e\000d\000i\000c\000t\000i\000o\000n\000s\000\050\000\051}{subsection.7.4.2}% 88
\BOOKMARK [3][-]{subsubsection.7.4.2.15}{\376\377\0007\000.\0004\000.\0002\000.\0001\0005\000\040\000I\000n\000i\000t\000S\000p\000h\000e\000r\000e\000P\000o\000s\000i\000t\000i\000o\000n\000s\000\050\000\051}{subsection.7.4.2}% 89
\BOOKMARK [3][-]{subsubsection.7.4.2.16}{\376\377\0007\000.\0004\000.\0002\000.\0001\0006\000\040\000I\000n\000i\000t\000S\000p\000h\000e\000r\000e\000V\000e\000l\000o\000c\000i\000t\000i\000e\000s\000\050\000\051}{subsection.7.4.2}% 90
\BOOKMARK [3][-]{subsubsection.7.4.2.17}{\376\377\0007\000.\0004\000.\0002\000.\0001\0007\000\040\000I\000n\000i\000t\000W\000o\000r\000l\000d\000S\000p\000a\000c\000e\000B\000a\000s\000i\000s\000\050\000\051}{subsection.7.4.2}% 91
\BOOKMARK [2][-]{subsection.7.4.3}{\376\377\0007\000.\0004\000.\0003\000\040\000M\000e\000m\000b\000e\000r\000\040\000D\000a\000t\000a\000\040\000D\000o\000c\000u\000m\000e\000n\000t\000a\000t\000i\000o\000n}{section.7.4}% 92
\BOOKMARK [3][-]{subsubsection.7.4.3.1}{\376\377\0007\000.\0004\000.\0003\000.\0001\000\040\000m\000a\000t\000e\000r\000i\000a\000l\000D\000e\000n\000s\000i\000t\000y}{subsection.7.4.3}% 93
\BOOKMARK [3][-]{subsubsection.7.4.3.2}{\376\377\0007\000.\0004\000.\0003\000.\0002\000\040\000m\000a\000t\000e\000r\000i\000a\000l\000R\000a\000d\000i\000u\000s}{subsection.7.4.3}% 94
\BOOKMARK [3][-]{subsubsection.7.4.3.3}{\376\377\0007\000.\0004\000.\0003\000.\0003\000\040\000m\000a\000t\000h\000H\000e\000l\000p\000e\000r}{subsection.7.4.3}% 95
\BOOKMARK [1][-]{section.7.5}{\376\377\0007\000.\0005\000\040\000G\000u\000i\000d\000e\000w\000i\000r\000e\000S\000i\000m\000.\000M\000a\000t\000h\000H\000e\000l\000p\000e\000r\000\040\000C\000l\000a\000s\000s\000\040\000R\000e\000f\000e\000r\000e\000n\000c\000e}{chapter.7}% 96
\BOOKMARK [2][-]{subsection.7.5.1}{\376\377\0007\000.\0005\000.\0001\000\040\000D\000e\000t\000a\000i\000l\000e\000d\000\040\000D\000e\000s\000c\000r\000i\000p\000t\000i\000o\000n}{section.7.5}% 97
\BOOKMARK [2][-]{subsection.7.5.2}{\376\377\0007\000.\0005\000.\0002\000\040\000M\000e\000m\000b\000e\000r\000\040\000F\000u\000n\000c\000t\000i\000o\000n\000\040\000D\000o\000c\000u\000m\000e\000n\000t\000a\000t\000i\000o\000n}{section.7.5}% 98
\BOOKMARK [3][-]{subsubsection.7.5.2.1}{\376\377\0007\000.\0005\000.\0002\000.\0001\000\040\000B\000e\000n\000d\000T\000w\000i\000s\000t\000C\000o\000n\000s\000t\000r\000a\000i\000n\000t\000D\000e\000v\000i\000a\000t\000i\000o\000n\000\050\000\051}{subsection.7.5.2}% 99
\BOOKMARK [3][-]{subsubsection.7.5.2.2}{\376\377\0007\000.\0005\000.\0002\000.\0002\000\040\000C\000a\000l\000c\000u\000l\000a\000t\000e\000C\000y\000l\000i\000n\000d\000e\000r\000P\000o\000s\000i\000t\000i\000o\000n\000s\000\050\000\051}{subsection.7.5.2}% 100
\BOOKMARK [3][-]{subsubsection.7.5.2.3}{\376\377\0007\000.\0005\000.\0002\000.\0003\000\040\000D\000a\000r\000b\000o\000u\000x\000S\000i\000g\000n\000F\000a\000c\000t\000o\000r\000\050\000\051}{subsection.7.5.2}% 101
\BOOKMARK [3][-]{subsubsection.7.5.2.4}{\376\377\0007\000.\0005\000.\0002\000.\0004\000\040\000D\000i\000s\000c\000r\000e\000t\000e\000D\000a\000r\000b\000o\000u\000x\000V\000e\000c\000t\000o\000r\000\050\000\051}{subsection.7.5.2}% 102
\BOOKMARK [3][-]{subsubsection.7.5.2.5}{\376\377\0007\000.\0005\000.\0002\000.\0005\000\040\000E\000m\000b\000e\000d\000d\000e\000d\000V\000e\000c\000t\000o\000r\000\050\000\051}{subsection.7.5.2}% 103
\BOOKMARK [3][-]{subsubsection.7.5.2.6}{\376\377\0007\000.\0005\000.\0002\000.\0006\000\040\000G\000e\000t\000G\000a\000u\000s\000s\000i\000a\000n\000R\000a\000n\000d\000o\000m\000N\000u\000m\000b\000e\000r\000\050\000\051}{subsection.7.5.2}% 104
\BOOKMARK [3][-]{subsubsection.7.5.2.7}{\376\377\0007\000.\0005\000.\0002\000.\0007\000\040\000I\000m\000a\000g\000i\000n\000a\000r\000y\000P\000a\000r\000t\000\050\000\051}{subsection.7.5.2}% 105
\BOOKMARK [3][-]{subsubsection.7.5.2.8}{\376\377\0007\000.\0005\000.\0002\000.\0008\000\040\000M\000a\000t\000r\000i\000x\000V\000e\000c\000t\000o\000r\000M\000u\000l\000t\000i\000p\000l\000i\000c\000a\000t\000i\000o\000n\000\050\000\051}{subsection.7.5.2}% 106
\BOOKMARK [3][-]{subsubsection.7.5.2.9}{\376\377\0007\000.\0005\000.\0002\000.\0009\000\040\000Q\000u\000a\000t\000e\000r\000n\000i\000o\000n\000C\000o\000n\000v\000e\000r\000s\000i\000o\000n\000F\000r\000o\000m\000B\000S\000M\000\050\000\051}{subsection.7.5.2}% 107
\BOOKMARK [3][-]{subsubsection.7.5.2.10}{\376\377\0007\000.\0005\000.\0002\000.\0001\0000\000\040\000Q\000u\000a\000t\000e\000r\000n\000i\000o\000n\000C\000o\000n\000v\000e\000r\000s\000i\000o\000n\000T\000o\000B\000S\000M\000\050\000\051}{subsection.7.5.2}% 108
\BOOKMARK [3][-]{subsubsection.7.5.2.11}{\376\377\0007\000.\0005\000.\0002\000.\0001\0001\000\040\000Q\000u\000a\000t\000e\000r\000n\000i\000o\000n\000L\000e\000n\000g\000t\000h\000\050\000\051}{subsection.7.5.2}% 109
\BOOKMARK [3][-]{subsubsection.7.5.2.12}{\376\377\0007\000.\0005\000.\0002\000.\0001\0002\000\040\000R\000a\000n\000d\000o\000m\000U\000n\000i\000t\000Q\000u\000a\000t\000e\000r\000n\000i\000o\000n\000\050\000\051}{subsection.7.5.2}% 110
\BOOKMARK [3][-]{subsubsection.7.5.2.13}{\376\377\0007\000.\0005\000.\0002\000.\0001\0003\000\040\000R\000o\000d\000E\000l\000e\000m\000e\000n\000t\000L\000e\000n\000g\000t\000h\000\050\000\051}{subsection.7.5.2}% 111
\BOOKMARK [3][-]{subsubsection.7.5.2.14}{\376\377\0007\000.\0005\000.\0002\000.\0001\0004\000\040\000R\000o\000d\000E\000l\000e\000m\000e\000n\000t\000L\000e\000n\000g\000t\000h\000D\000e\000v\000i\000a\000t\000i\000o\000n\000\050\000\051}{subsection.7.5.2}% 112
\BOOKMARK [3][-]{subsubsection.7.5.2.15}{\376\377\0007\000.\0005\000.\0002\000.\0001\0005\000\040\000S\000q\000u\000a\000r\000e\000d\000N\000o\000r\000m\000\050\000\051}{subsection.7.5.2}% 113
\BOOKMARK [3][-]{subsubsection.7.5.2.16}{\376\377\0007\000.\0005\000.\0002\000.\0001\0006\000\040\000S\000t\000r\000e\000t\000c\000h\000C\000o\000n\000s\000t\000r\000a\000i\000n\000t\000D\000e\000v\000i\000a\000t\000i\000o\000n\000\050\000\051}{subsection.7.5.2}% 114
\BOOKMARK [3][-]{subsubsection.7.5.2.17}{\376\377\0007\000.\0005\000.\0002\000.\0001\0007\000\040\000U\000p\000d\000a\000t\000e\000D\000i\000r\000e\000c\000t\000o\000r\000s\000\050\000\051}{subsection.7.5.2}% 115
\BOOKMARK [3][-]{subsubsection.7.5.2.18}{\376\377\0007\000.\0005\000.\0002\000.\0001\0008\000\040\000V\000e\000c\000t\000o\000r\000L\000e\000n\000g\000t\000h\000\050\000\051}{subsection.7.5.2}% 116
\BOOKMARK [1][-]{section.7.6}{\376\377\0007\000.\0006\000\040\000G\000u\000i\000d\000e\000w\000i\000r\000e\000S\000i\000m\000.\000O\000b\000j\000e\000c\000t\000S\000e\000t\000t\000e\000r\000\040\000C\000l\000a\000s\000s\000\040\000R\000e\000f\000e\000r\000e\000n\000c\000e}{chapter.7}% 117
\BOOKMARK [2][-]{subsection.7.6.1}{\376\377\0007\000.\0006\000.\0001\000\040\000D\000e\000t\000a\000i\000l\000e\000d\000\040\000D\000e\000s\000c\000r\000i\000p\000t\000i\000o\000n}{section.7.6}% 118
\BOOKMARK [2][-]{subsection.7.6.2}{\376\377\0007\000.\0006\000.\0002\000\040\000M\000e\000m\000b\000e\000r\000\040\000F\000u\000n\000c\000t\000i\000o\000n\000\040\000D\000o\000c\000u\000m\000e\000n\000t\000a\000t\000i\000o\000n}{section.7.6}% 119
\BOOKMARK [3][-]{subsubsection.7.6.2.1}{\376\377\0007\000.\0006\000.\0002\000.\0001\000\040\000A\000w\000a\000k\000e\000\050\000\051}{subsection.7.6.2}% 120
\BOOKMARK [3][-]{subsubsection.7.6.2.2}{\376\377\0007\000.\0006\000.\0002\000.\0002\000\040\000S\000e\000t\000C\000y\000l\000i\000n\000d\000e\000r\000O\000r\000i\000e\000n\000t\000a\000t\000i\000o\000n\000s\000\050\000\051}{subsection.7.6.2}% 121
\BOOKMARK [3][-]{subsubsection.7.6.2.3}{\376\377\0007\000.\0006\000.\0002\000.\0003\000\040\000S\000e\000t\000C\000y\000l\000i\000n\000d\000e\000r\000P\000o\000s\000i\000t\000i\000o\000n\000s\000\050\000\051}{subsection.7.6.2}% 122
\BOOKMARK [3][-]{subsubsection.7.6.2.4}{\376\377\0007\000.\0006\000.\0002\000.\0004\000\040\000S\000e\000t\000S\000p\000h\000e\000r\000e\000P\000o\000s\000i\000t\000i\000o\000n\000s\000\050\000\051}{subsection.7.6.2}% 123
\BOOKMARK [2][-]{subsection.7.6.3}{\376\377\0007\000.\0006\000.\0003\000\040\000M\000e\000m\000b\000e\000r\000\040\000D\000a\000t\000a\000\040\000D\000o\000c\000u\000m\000e\000n\000t\000a\000t\000i\000o\000n}{section.7.6}% 124
\BOOKMARK [3][-]{subsubsection.7.6.3.1}{\376\377\0007\000.\0006\000.\0003\000.\0001\000\040\000m\000a\000t\000h\000H\000e\000l\000p\000e\000r}{subsection.7.6.3}% 125
\BOOKMARK [1][-]{section.7.7}{\376\377\0007\000.\0007\000\040\000G\000u\000i\000d\000e\000w\000i\000r\000e\000S\000i\000m\000.\000P\000r\000e\000d\000i\000c\000t\000i\000o\000n\000S\000t\000e\000p\000\040\000C\000l\000a\000s\000s\000\040\000R\000e\000f\000e\000r\000e\000n\000c\000e}{chapter.7}% 126
\BOOKMARK [2][-]{subsection.7.7.1}{\376\377\0007\000.\0007\000.\0001\000\040\000D\000e\000t\000a\000i\000l\000e\000d\000\040\000D\000e\000s\000c\000r\000i\000p\000t\000i\000o\000n}{section.7.7}% 127
\BOOKMARK [2][-]{subsection.7.7.2}{\376\377\0007\000.\0007\000.\0002\000\040\000M\000e\000m\000b\000e\000r\000\040\000F\000u\000n\000c\000t\000i\000o\000n\000\040\000D\000o\000c\000u\000m\000e\000n\000t\000a\000t\000i\000o\000n}{section.7.7}% 128
\BOOKMARK [3][-]{subsubsection.7.7.2.1}{\376\377\0007\000.\0007\000.\0002\000.\0001\000\040\000A\000w\000a\000k\000e\000\050\000\051}{subsection.7.7.2}% 129
\BOOKMARK [3][-]{subsubsection.7.7.2.2}{\376\377\0007\000.\0007\000.\0002\000.\0002\000\040\000P\000r\000e\000d\000i\000c\000t\000A\000n\000g\000u\000l\000a\000r\000V\000e\000l\000o\000c\000i\000t\000i\000e\000s\000\050\000\051}{subsection.7.7.2}% 130
\BOOKMARK [3][-]{subsubsection.7.7.2.3}{\376\377\0007\000.\0007\000.\0002\000.\0003\000\040\000P\000r\000e\000d\000i\000c\000t\000C\000y\000l\000i\000n\000d\000e\000r\000O\000r\000i\000e\000n\000t\000a\000t\000i\000o\000n\000s\000\050\000\051}{subsection.7.7.2}% 131
\BOOKMARK [3][-]{subsubsection.7.7.2.4}{\376\377\0007\000.\0007\000.\0002\000.\0004\000\040\000P\000r\000e\000d\000i\000c\000t\000S\000p\000h\000e\000r\000e\000P\000o\000s\000i\000t\000i\000o\000n\000s\000\050\000\051}{subsection.7.7.2}% 132
\BOOKMARK [3][-]{subsubsection.7.7.2.5}{\376\377\0007\000.\0007\000.\0002\000.\0005\000\040\000P\000r\000e\000d\000i\000c\000t\000S\000p\000h\000e\000r\000e\000V\000e\000l\000o\000c\000i\000t\000i\000e\000s\000\050\000\051}{subsection.7.7.2}% 133
\BOOKMARK [2][-]{subsection.7.7.3}{\376\377\0007\000.\0007\000.\0003\000\040\000M\000e\000m\000b\000e\000r\000\040\000D\000a\000t\000a\000\040\000D\000o\000c\000u\000m\000e\000n\000t\000a\000t\000i\000o\000n}{section.7.7}% 134
\BOOKMARK [3][-]{subsubsection.7.7.3.1}{\376\377\0007\000.\0007\000.\0003\000.\0001\000\040\000m\000a\000t\000h\000H\000e\000l\000p\000e\000r}{subsection.7.7.3}% 135
\BOOKMARK [1][-]{section.7.8}{\376\377\0007\000.\0008\000\040\000G\000u\000i\000d\000e\000w\000i\000r\000e\000S\000i\000m\000.\000S\000i\000m\000u\000l\000a\000t\000i\000o\000n\000L\000o\000o\000p\000\040\000C\000l\000a\000s\000s\000\040\000R\000e\000f\000e\000r\000e\000n\000c\000e}{chapter.7}% 136
\BOOKMARK [2][-]{subsection.7.8.1}{\376\377\0007\000.\0008\000.\0001\000\040\000D\000e\000t\000a\000i\000l\000e\000d\000\040\000D\000e\000s\000c\000r\000i\000p\000t\000i\000o\000n}{section.7.8}% 137
\BOOKMARK [2][-]{subsection.7.8.2}{\376\377\0007\000.\0008\000.\0002\000\040\000M\000e\000m\000b\000e\000r\000\040\000F\000u\000n\000c\000t\000i\000o\000n\000\040\000D\000o\000c\000u\000m\000e\000n\000t\000a\000t\000i\000o\000n}{section.7.8}% 138
\BOOKMARK [3][-]{subsubsection.7.8.2.1}{\376\377\0007\000.\0008\000.\0002\000.\0001\000\040\000A\000d\000o\000p\000t\000C\000a\000l\000c\000u\000l\000a\000t\000i\000o\000n\000s\000\050\000\051}{subsection.7.8.2}% 139
\BOOKMARK [3][-]{subsubsection.7.8.2.2}{\376\377\0007\000.\0008\000.\0002\000.\0002\000\040\000A\000w\000a\000k\000e\000\050\000\051}{subsection.7.8.2}% 140
\BOOKMARK [3][-]{subsubsection.7.8.2.3}{\376\377\0007\000.\0008\000.\0002\000.\0003\000\040\000F\000i\000x\000e\000d\000U\000p\000d\000a\000t\000e\000\050\000\051}{subsection.7.8.2}% 141
\BOOKMARK [3][-]{subsubsection.7.8.2.4}{\376\377\0007\000.\0008\000.\0002\000.\0004\000\040\000P\000e\000r\000f\000o\000r\000m\000C\000o\000n\000s\000t\000r\000a\000i\000n\000t\000S\000o\000l\000v\000i\000n\000g\000S\000t\000e\000p\000\050\000\051}{subsection.7.8.2}% 142
\BOOKMARK [3][-]{subsubsection.7.8.2.5}{\376\377\0007\000.\0008\000.\0002\000.\0005\000\040\000P\000e\000r\000f\000o\000r\000m\000I\000n\000i\000t\000i\000a\000l\000i\000z\000a\000t\000i\000o\000n\000S\000t\000e\000p\000\050\000\051}{subsection.7.8.2}% 143
\BOOKMARK [3][-]{subsubsection.7.8.2.6}{\376\377\0007\000.\0008\000.\0002\000.\0006\000\040\000P\000e\000r\000f\000o\000r\000m\000P\000r\000e\000d\000i\000c\000t\000i\000o\000n\000S\000t\000e\000p\000\050\000\051}{subsection.7.8.2}% 144
\BOOKMARK [3][-]{subsubsection.7.8.2.7}{\376\377\0007\000.\0008\000.\0002\000.\0007\000\040\000P\000e\000r\000f\000o\000r\000m\000S\000i\000m\000u\000l\000a\000t\000i\000o\000n\000L\000o\000o\000p\000\050\000\051}{subsection.7.8.2}% 145
\BOOKMARK [3][-]{subsubsection.7.8.2.8}{\376\377\0007\000.\0008\000.\0002\000.\0008\000\040\000P\000e\000r\000f\000o\000r\000m\000U\000p\000d\000a\000t\000e\000S\000t\000e\000p\000\050\000\051}{subsection.7.8.2}% 146
\BOOKMARK [3][-]{subsubsection.7.8.2.9}{\376\377\0007\000.\0008\000.\0002\000.\0009\000\040\000S\000t\000a\000r\000t\000\050\000\051}{subsection.7.8.2}% 147
\BOOKMARK [2][-]{subsection.7.8.3}{\376\377\0007\000.\0008\000.\0003\000\040\000M\000e\000m\000b\000e\000r\000\040\000D\000a\000t\000a\000\040\000D\000o\000c\000u\000m\000e\000n\000t\000a\000t\000i\000o\000n}{section.7.8}% 148
\BOOKMARK [3][-]{subsubsection.7.8.3.1}{\376\377\0007\000.\0008\000.\0003\000.\0001\000\040\000c\000o\000n\000s\000t\000r\000a\000i\000n\000t\000S\000o\000l\000v\000i\000n\000g\000S\000t\000e\000p}{subsection.7.8.3}% 149
\BOOKMARK [3][-]{subsubsection.7.8.3.2}{\376\377\0007\000.\0008\000.\0003\000.\0002\000\040\000c\000y\000l\000i\000n\000d\000e\000r\000A\000n\000g\000u\000l\000a\000r\000V\000e\000l\000o\000c\000i\000t\000i\000e\000s}{subsection.7.8.3}% 150
\BOOKMARK [3][-]{subsubsection.7.8.3.3}{\376\377\0007\000.\0008\000.\0003\000.\0003\000\040\000c\000y\000l\000i\000n\000d\000e\000r\000E\000x\000t\000e\000r\000n\000a\000l\000T\000o\000r\000q\000u\000e\000s}{subsection.7.8.3}% 151
\BOOKMARK [3][-]{subsubsection.7.8.3.4}{\376\377\0007\000.\0008\000.\0003\000.\0004\000\040\000c\000y\000l\000i\000n\000d\000e\000r\000O\000r\000i\000e\000n\000t\000a\000t\000i\000o\000n\000P\000r\000e\000d\000i\000c\000t\000i\000o\000n\000s}{subsection.7.8.3}% 152
\BOOKMARK [3][-]{subsubsection.7.8.3.5}{\376\377\0007\000.\0008\000.\0003\000.\0005\000\040\000c\000y\000l\000i\000n\000d\000e\000r\000O\000r\000i\000e\000n\000t\000a\000t\000i\000o\000n\000s}{subsection.7.8.3}% 153
\BOOKMARK [3][-]{subsubsection.7.8.3.6}{\376\377\0007\000.\0008\000.\0003\000.\0006\000\040\000c\000y\000l\000i\000n\000d\000e\000r\000P\000o\000s\000i\000t\000i\000o\000n\000s}{subsection.7.8.3}% 154
\BOOKMARK [3][-]{subsubsection.7.8.3.7}{\376\377\0007\000.\0008\000.\0003\000.\0007\000\040\000c\000y\000l\000i\000n\000d\000e\000r\000s}{subsection.7.8.3}% 155
\BOOKMARK [3][-]{subsubsection.7.8.3.8}{\376\377\0007\000.\0008\000.\0003\000.\0008\000\040\000c\000y\000l\000i\000n\000d\000e\000r\000S\000c\000a\000l\000a\000r\000W\000e\000i\000g\000h\000t\000s}{subsection.7.8.3}% 156
\BOOKMARK [3][-]{subsubsection.7.8.3.9}{\376\377\0007\000.\0008\000.\0003\000.\0009\000\040\000d\000i\000r\000e\000c\000t\000o\000r\000s}{subsection.7.8.3}% 157
\BOOKMARK [3][-]{subsubsection.7.8.3.10}{\376\377\0007\000.\0008\000.\0003\000.\0001\0000\000\040\000d\000i\000s\000c\000r\000e\000t\000e\000R\000e\000s\000t\000D\000a\000r\000b\000o\000u\000x\000V\000e\000c\000t\000o\000r\000s}{subsection.7.8.3}% 158
\BOOKMARK [3][-]{subsubsection.7.8.3.11}{\376\377\0007\000.\0008\000.\0003\000.\0001\0001\000\040\000i\000n\000e\000r\000t\000i\000a\000T\000e\000n\000s\000o\000r}{subsection.7.8.3}% 159
\BOOKMARK [3][-]{subsubsection.7.8.3.12}{\376\377\0007\000.\0008\000.\0003\000.\0001\0002\000\040\000i\000n\000i\000t\000i\000a\000l\000i\000z\000a\000t\000i\000o\000n\000S\000t\000e\000p}{subsection.7.8.3}% 160
\BOOKMARK [3][-]{subsubsection.7.8.3.13}{\376\377\0007\000.\0008\000.\0003\000.\0001\0003\000\040\000i\000n\000v\000e\000r\000s\000e\000I\000n\000e\000r\000t\000i\000a\000T\000e\000n\000s\000o\000r}{subsection.7.8.3}% 161
\BOOKMARK [3][-]{subsubsection.7.8.3.14}{\376\377\0007\000.\0008\000.\0003\000.\0001\0004\000\040\000m\000a\000t\000h\000H\000e\000l\000p\000e\000r}{subsection.7.8.3}% 162
\BOOKMARK [3][-]{subsubsection.7.8.3.15}{\376\377\0007\000.\0008\000.\0003\000.\0001\0005\000\040\000o\000b\000j\000e\000c\000t\000S\000e\000t\000t\000e\000r}{subsection.7.8.3}% 163
\BOOKMARK [3][-]{subsubsection.7.8.3.16}{\376\377\0007\000.\0008\000.\0003\000.\0001\0006\000\040\000p\000r\000e\000d\000i\000c\000t\000i\000o\000n\000S\000t\000e\000p}{subsection.7.8.3}% 164
\BOOKMARK [3][-]{subsubsection.7.8.3.17}{\376\377\0007\000.\0008\000.\0003\000.\0001\0007\000\040\000r\000o\000d\000E\000l\000e\000m\000e\000n\000t\000L\000e\000n\000g\000t\000h}{subsection.7.8.3}% 165
\BOOKMARK [3][-]{subsubsection.7.8.3.18}{\376\377\0007\000.\0008\000.\0003\000.\0001\0008\000\040\000s\000o\000l\000v\000e\000B\000e\000n\000d\000T\000w\000i\000s\000t\000C\000o\000n\000s\000t\000r\000a\000i\000n\000t\000s}{subsection.7.8.3}% 166
\BOOKMARK [3][-]{subsubsection.7.8.3.19}{\376\377\0007\000.\0008\000.\0003\000.\0001\0009\000\040\000s\000o\000l\000v\000e\000S\000t\000r\000e\000t\000c\000h\000C\000o\000n\000s\000t\000r\000a\000i\000n\000t\000s}{subsection.7.8.3}% 167
\BOOKMARK [3][-]{subsubsection.7.8.3.20}{\376\377\0007\000.\0008\000.\0003\000.\0002\0000\000\040\000s\000p\000h\000e\000r\000e\000E\000x\000t\000e\000r\000n\000a\000l\000F\000o\000r\000c\000e\000s}{subsection.7.8.3}% 168
\BOOKMARK [3][-]{subsubsection.7.8.3.21}{\376\377\0007\000.\0008\000.\0003\000.\0002\0001\000\040\000s\000p\000h\000e\000r\000e\000I\000n\000v\000e\000r\000s\000e\000M\000a\000s\000s\000e\000s}{subsection.7.8.3}% 169
\BOOKMARK [3][-]{subsubsection.7.8.3.22}{\376\377\0007\000.\0008\000.\0003\000.\0002\0002\000\040\000s\000p\000h\000e\000r\000e\000P\000o\000s\000i\000t\000i\000o\000n\000P\000r\000e\000d\000i\000c\000t\000i\000o\000n\000s}{subsection.7.8.3}% 170
\BOOKMARK [3][-]{subsubsection.7.8.3.23}{\376\377\0007\000.\0008\000.\0003\000.\0002\0003\000\040\000s\000p\000h\000e\000r\000e\000P\000o\000s\000i\000t\000i\000o\000n\000s}{subsection.7.8.3}% 171
\BOOKMARK [3][-]{subsubsection.7.8.3.24}{\376\377\0007\000.\0008\000.\0003\000.\0002\0004\000\040\000s\000p\000h\000e\000r\000e\000s}{subsection.7.8.3}% 172
\BOOKMARK [3][-]{subsubsection.7.8.3.25}{\376\377\0007\000.\0008\000.\0003\000.\0002\0005\000\040\000s\000p\000h\000e\000r\000e\000V\000e\000l\000o\000c\000i\000t\000i\000e\000s}{subsection.7.8.3}% 173
\BOOKMARK [3][-]{subsubsection.7.8.3.26}{\376\377\0007\000.\0008\000.\0003\000.\0002\0006\000\040\000u\000p\000d\000a\000t\000e\000S\000t\000e\000p}{subsection.7.8.3}% 174
\BOOKMARK [3][-]{subsubsection.7.8.3.27}{\376\377\0007\000.\0008\000.\0003\000.\0002\0007\000\040\000w\000o\000r\000l\000d\000S\000p\000a\000c\000e\000B\000a\000s\000i\000s}{subsection.7.8.3}% 175
\BOOKMARK [2][-]{subsection.7.8.4}{\376\377\0007\000.\0008\000.\0004\000\040\000P\000r\000o\000p\000e\000r\000t\000y\000\040\000D\000o\000c\000u\000m\000e\000n\000t\000a\000t\000i\000o\000n}{section.7.8}% 176
\BOOKMARK [3][-]{subsubsection.7.8.4.1}{\376\377\0007\000.\0008\000.\0004\000.\0001\000\040\000C\000o\000n\000s\000t\000r\000a\000i\000n\000t\000S\000o\000l\000v\000e\000r\000S\000t\000e\000p\000s}{subsection.7.8.4}% 177
\BOOKMARK [3][-]{subsubsection.7.8.4.2}{\376\377\0007\000.\0008\000.\0004\000.\0002\000\040\000C\000y\000l\000i\000n\000d\000e\000r\000C\000o\000u\000n\000t}{subsection.7.8.4}% 178
\BOOKMARK [3][-]{subsubsection.7.8.4.3}{\376\377\0007\000.\0008\000.\0004\000.\0003\000\040\000E\000x\000e\000c\000u\000t\000e\000S\000i\000n\000g\000l\000e\000L\000o\000o\000p\000T\000e\000s\000t}{subsection.7.8.4}% 179
\BOOKMARK [3][-]{subsubsection.7.8.4.4}{\376\377\0007\000.\0008\000.\0004\000.\0004\000\040\000S\000p\000h\000e\000r\000e\000s\000C\000o\000u\000n\000t}{subsection.7.8.4}% 180
\BOOKMARK [1][-]{section.7.9}{\376\377\0007\000.\0009\000\040\000G\000u\000i\000d\000e\000w\000i\000r\000e\000S\000i\000m\000.\000S\000t\000r\000e\000s\000s\000T\000e\000s\000t\000P\000e\000r\000f\000o\000r\000m\000e\000r\000\040\000C\000l\000a\000s\000s\000\040\000R\000e\000f\000e\000r\000e\000n\000c\000e}{chapter.7}% 181
\BOOKMARK [2][-]{subsection.7.9.1}{\376\377\0007\000.\0009\000.\0001\000\040\000D\000e\000t\000a\000i\000l\000e\000d\000\040\000D\000e\000s\000c\000r\000i\000p\000t\000i\000o\000n}{section.7.9}% 182
\BOOKMARK [2][-]{subsection.7.9.2}{\376\377\0007\000.\0009\000.\0002\000\040\000M\000e\000m\000b\000e\000r\000\040\000F\000u\000n\000c\000t\000i\000o\000n\000\040\000D\000o\000c\000u\000m\000e\000n\000t\000a\000t\000i\000o\000n}{section.7.9}% 183
\BOOKMARK [3][-]{subsubsection.7.9.2.1}{\376\377\0007\000.\0009\000.\0002\000.\0001\000\040\000A\000w\000a\000k\000e\000\050\000\051}{subsection.7.9.2}% 184
\BOOKMARK [3][-]{subsubsection.7.9.2.2}{\376\377\0007\000.\0009\000.\0002\000.\0002\000\040\000P\000e\000r\000f\000o\000r\000m\000S\000t\000r\000e\000s\000s\000T\000e\000s\000t\000O\000n\000e\000\050\000\051}{subsection.7.9.2}% 185
\BOOKMARK [3][-]{subsubsection.7.9.2.3}{\376\377\0007\000.\0009\000.\0002\000.\0003\000\040\000P\000e\000r\000f\000o\000r\000m\000S\000t\000r\000e\000s\000s\000T\000e\000s\000t\000s\000\050\000\051}{subsection.7.9.2}% 186
\BOOKMARK [3][-]{subsubsection.7.9.2.4}{\376\377\0007\000.\0009\000.\0002\000.\0004\000\040\000S\000t\000a\000r\000t\000\050\000\051}{subsection.7.9.2}% 187
\BOOKMARK [2][-]{subsection.7.9.3}{\376\377\0007\000.\0009\000.\0003\000\040\000M\000e\000m\000b\000e\000r\000\040\000D\000a\000t\000a\000\040\000D\000o\000c\000u\000m\000e\000n\000t\000a\000t\000i\000o\000n}{section.7.9}% 188
\BOOKMARK [3][-]{subsubsection.7.9.3.1}{\376\377\0007\000.\0009\000.\0003\000.\0001\000\040\000d\000o\000S\000t\000r\000e\000s\000s\000T\000e\000s\000t\000O\000n\000e}{subsection.7.9.3}% 189
\BOOKMARK [3][-]{subsubsection.7.9.3.2}{\376\377\0007\000.\0009\000.\0003\000.\0002\000\040\000s\000i\000m\000u\000l\000a\000t\000i\000o\000n\000L\000o\000o\000p}{subsection.7.9.3}% 190
\BOOKMARK [1][-]{section.7.10}{\376\377\0007\000.\0001\0000\000\040\000G\000u\000i\000d\000e\000w\000i\000r\000e\000S\000i\000m\000.\000T\000o\000r\000q\000u\000e\000T\000e\000s\000t\000P\000e\000r\000f\000o\000r\000m\000e\000r\000\040\000C\000l\000a\000s\000s\000\040\000R\000e\000f\000e\000r\000e\000n\000c\000e}{chapter.7}% 191
\BOOKMARK [2][-]{subsection.7.10.1}{\376\377\0007\000.\0001\0000\000.\0001\000\040\000D\000e\000t\000a\000i\000l\000e\000d\000\040\000D\000e\000s\000c\000r\000i\000p\000t\000i\000o\000n}{section.7.10}% 192
\BOOKMARK [2][-]{subsection.7.10.2}{\376\377\0007\000.\0001\0000\000.\0002\000\040\000M\000e\000m\000b\000e\000r\000\040\000F\000u\000n\000c\000t\000i\000o\000n\000\040\000D\000o\000c\000u\000m\000e\000n\000t\000a\000t\000i\000o\000n}{section.7.10}% 193
\BOOKMARK [3][-]{subsubsection.7.10.2.1}{\376\377\0007\000.\0001\0000\000.\0002\000.\0001\000\040\000A\000w\000a\000k\000e\000\050\000\051}{subsection.7.10.2}% 194
\BOOKMARK [3][-]{subsubsection.7.10.2.2}{\376\377\0007\000.\0001\0000\000.\0002\000.\0002\000\040\000P\000e\000r\000f\000o\000r\000m\000T\000o\000r\000q\000u\000e\000T\000e\000s\000t\000O\000n\000e\000\050\000\051}{subsection.7.10.2}% 195
\BOOKMARK [3][-]{subsubsection.7.10.2.3}{\376\377\0007\000.\0001\0000\000.\0002\000.\0003\000\040\000P\000e\000r\000f\000o\000r\000m\000T\000o\000r\000q\000u\000e\000T\000e\000s\000t\000s\000\050\000\051}{subsection.7.10.2}% 196
\BOOKMARK [3][-]{subsubsection.7.10.2.4}{\376\377\0007\000.\0001\0000\000.\0002\000.\0004\000\040\000P\000e\000r\000f\000o\000r\000m\000T\000o\000r\000q\000u\000e\000T\000e\000s\000t\000T\000h\000r\000e\000e\000\050\000\051}{subsection.7.10.2}% 197
\BOOKMARK [3][-]{subsubsection.7.10.2.5}{\376\377\0007\000.\0001\0000\000.\0002\000.\0005\000\040\000P\000e\000r\000f\000o\000r\000m\000T\000o\000r\000q\000u\000e\000T\000e\000s\000t\000T\000w\000o\000\050\000\051}{subsection.7.10.2}% 198
\BOOKMARK [3][-]{subsubsection.7.10.2.6}{\376\377\0007\000.\0001\0000\000.\0002\000.\0006\000\040\000S\000t\000a\000r\000t\000\050\000\051}{subsection.7.10.2}% 199
\BOOKMARK [2][-]{subsection.7.10.3}{\376\377\0007\000.\0001\0000\000.\0003\000\040\000M\000e\000m\000b\000e\000r\000\040\000D\000a\000t\000a\000\040\000D\000o\000c\000u\000m\000e\000n\000t\000a\000t\000i\000o\000n}{section.7.10}% 200
\BOOKMARK [3][-]{subsubsection.7.10.3.1}{\376\377\0007\000.\0001\0000\000.\0003\000.\0001\000\040\000d\000o\000T\000o\000r\000q\000u\000e\000T\000e\000s\000t\000O\000n\000e}{subsection.7.10.3}% 201
\BOOKMARK [3][-]{subsubsection.7.10.3.2}{\376\377\0007\000.\0001\0000\000.\0003\000.\0002\000\040\000d\000o\000T\000o\000r\000q\000u\000e\000T\000e\000s\000t\000T\000h\000r\000e\000e}{subsection.7.10.3}% 202
\BOOKMARK [3][-]{subsubsection.7.10.3.3}{\376\377\0007\000.\0001\0000\000.\0003\000.\0003\000\040\000d\000o\000T\000o\000r\000q\000u\000e\000T\000e\000s\000t\000T\000w\000o}{subsection.7.10.3}% 203
\BOOKMARK [3][-]{subsubsection.7.10.3.4}{\376\377\0007\000.\0001\0000\000.\0003\000.\0004\000\040\000p\000u\000l\000l\000T\000o\000r\000q\000u\000e}{subsection.7.10.3}% 204
\BOOKMARK [3][-]{subsubsection.7.10.3.5}{\376\377\0007\000.\0001\0000\000.\0003\000.\0005\000\040\000s\000i\000m\000u\000l\000a\000t\000i\000o\000n\000L\000o\000o\000p}{subsection.7.10.3}% 205
\BOOKMARK [1][-]{section.7.11}{\376\377\0007\000.\0001\0001\000\040\000U\000n\000i\000t\000T\000e\000s\000t\000\137\000S\000o\000l\000v\000e\000B\000e\000n\000d\000T\000w\000i\000s\000t\000C\000o\000n\000s\000t\000r\000a\000i\000n\000t\000\040\000C\000l\000a\000s\000s\000\040\000R\000e\000f\000e\000r\000e\000n\000c\000e}{chapter.7}% 206
\BOOKMARK [2][-]{subsection.7.11.1}{\376\377\0007\000.\0001\0001\000.\0001\000\040\000D\000e\000t\000a\000i\000l\000e\000d\000\040\000D\000e\000s\000c\000r\000i\000p\000t\000i\000o\000n}{section.7.11}% 207
\BOOKMARK [2][-]{subsection.7.11.2}{\376\377\0007\000.\0001\0001\000.\0002\000\040\000M\000e\000m\000b\000e\000r\000\040\000F\000u\000n\000c\000t\000i\000o\000n\000\040\000D\000o\000c\000u\000m\000e\000n\000t\000a\000t\000i\000o\000n}{section.7.11}% 208
\BOOKMARK [3][-]{subsubsection.7.11.2.1}{\376\377\0007\000.\0001\0001\000.\0002\000.\0001\000\040\000P\000e\000r\000f\000o\000r\000m\000U\000n\000i\000t\000T\000e\000s\000t\000s\000\050\000\051}{subsection.7.11.2}% 209
\BOOKMARK [3][-]{subsubsection.7.11.2.2}{\376\377\0007\000.\0001\0001\000.\0002\000.\0002\000\040\000T\000e\000s\000t\000\137\000S\000o\000l\000v\000e\000B\000e\000n\000d\000T\000w\000i\000s\000t\000C\000o\000n\000s\000t\000r\000a\000i\000n\000t\000\050\000\051}{subsection.7.11.2}% 210
\BOOKMARK [2][-]{subsection.7.11.3}{\376\377\0007\000.\0001\0001\000.\0003\000\040\000M\000e\000m\000b\000e\000r\000\040\000D\000a\000t\000a\000\040\000D\000o\000c\000u\000m\000e\000n\000t\000a\000t\000i\000o\000n}{section.7.11}% 211
\BOOKMARK [3][-]{subsubsection.7.11.3.1}{\376\377\0007\000.\0001\0001\000.\0003\000.\0001\000\040\000c\000o\000n\000s\000t\000r\000a\000i\000n\000t\000S\000o\000l\000v\000e\000r\000S\000t\000e\000p\000s}{subsection.7.11.3}% 212
\BOOKMARK [3][-]{subsubsection.7.11.3.2}{\376\377\0007\000.\0001\0001\000.\0003\000.\0002\000\040\000s\000a\000m\000p\000l\000e\000S\000i\000z\000e}{subsection.7.11.3}% 213
\BOOKMARK [1][-]{section.7.12}{\376\377\0007\000.\0001\0002\000\040\000U\000n\000i\000t\000T\000e\000s\000t\000\137\000S\000o\000l\000v\000e\000S\000t\000r\000e\000t\000c\000h\000C\000o\000n\000s\000t\000r\000a\000i\000n\000t\000\040\000C\000l\000a\000s\000s\000\040\000R\000e\000f\000e\000r\000e\000n\000c\000e}{chapter.7}% 214
\BOOKMARK [2][-]{subsection.7.12.1}{\376\377\0007\000.\0001\0002\000.\0001\000\040\000D\000e\000t\000a\000i\000l\000e\000d\000\040\000D\000e\000s\000c\000r\000i\000p\000t\000i\000o\000n}{section.7.12}% 215
\BOOKMARK [2][-]{subsection.7.12.2}{\376\377\0007\000.\0001\0002\000.\0002\000\040\000M\000e\000m\000b\000e\000r\000\040\000F\000u\000n\000c\000t\000i\000o\000n\000\040\000D\000o\000c\000u\000m\000e\000n\000t\000a\000t\000i\000o\000n}{section.7.12}% 216
\BOOKMARK [3][-]{subsubsection.7.12.2.1}{\376\377\0007\000.\0001\0002\000.\0002\000.\0001\000\040\000P\000e\000r\000f\000o\000r\000m\000U\000n\000i\000t\000T\000e\000s\000t\000s\000\050\000\051}{subsection.7.12.2}% 217
\BOOKMARK [3][-]{subsubsection.7.12.2.2}{\376\377\0007\000.\0001\0002\000.\0002\000.\0002\000\040\000P\000i\000c\000k\000R\000a\000n\000d\000o\000m\000P\000o\000s\000i\000t\000i\000o\000n\000s\000\050\000\051}{subsection.7.12.2}% 218
\BOOKMARK [3][-]{subsubsection.7.12.2.3}{\376\377\0007\000.\0001\0002\000.\0002\000.\0003\000\040\000T\000e\000s\000t\000\137\000S\000o\000l\000v\000e\000S\000t\000r\000e\000t\000c\000h\000C\000o\000n\000s\000t\000r\000a\000i\000n\000t\000\050\000\051}{subsection.7.12.2}% 219
\BOOKMARK [2][-]{subsection.7.12.3}{\376\377\0007\000.\0001\0002\000.\0003\000\040\000M\000e\000m\000b\000e\000r\000\040\000D\000a\000t\000a\000\040\000D\000o\000c\000u\000m\000e\000n\000t\000a\000t\000i\000o\000n}{section.7.12}% 220
\BOOKMARK [3][-]{subsubsection.7.12.3.1}{\376\377\0007\000.\0001\0002\000.\0003\000.\0001\000\040\000c\000o\000n\000s\000t\000r\000a\000i\000n\000t\000S\000o\000l\000v\000e\000r\000S\000t\000e\000p\000s}{subsection.7.12.3}% 221
\BOOKMARK [3][-]{subsubsection.7.12.3.2}{\376\377\0007\000.\0001\0002\000.\0003\000.\0002\000\040\000m\000a\000x\000i\000m\000a\000l\000D\000i\000s\000t\000a\000n\000c\000e\000O\000f\000f\000s\000e\000t}{subsection.7.12.3}% 222
\BOOKMARK [3][-]{subsubsection.7.12.3.3}{\376\377\0007\000.\0001\0002\000.\0003\000.\0003\000\040\000r\000o\000d\000E\000l\000e\000m\000e\000n\000t\000L\000e\000n\000g\000t\000h}{subsection.7.12.3}% 223
\BOOKMARK [3][-]{subsubsection.7.12.3.4}{\376\377\0007\000.\0001\0002\000.\0003\000.\0004\000\040\000s\000a\000m\000p\000l\000e\000S\000i\000z\000e}{subsection.7.12.3}% 224
\BOOKMARK [1][-]{section.7.13}{\376\377\0007\000.\0001\0003\000\040\000G\000u\000i\000d\000e\000w\000i\000r\000e\000S\000i\000m\000.\000U\000p\000d\000a\000t\000e\000S\000t\000e\000p\000\040\000C\000l\000a\000s\000s\000\040\000R\000e\000f\000e\000r\000e\000n\000c\000e}{chapter.7}% 225
\BOOKMARK [2][-]{subsection.7.13.1}{\376\377\0007\000.\0001\0003\000.\0001\000\040\000D\000e\000t\000a\000i\000l\000e\000d\000\040\000D\000e\000s\000c\000r\000i\000p\000t\000i\000o\000n}{section.7.13}% 226
\BOOKMARK [2][-]{subsection.7.13.2}{\376\377\0007\000.\0001\0003\000.\0002\000\040\000M\000e\000m\000b\000e\000r\000\040\000F\000u\000n\000c\000t\000i\000o\000n\000\040\000D\000o\000c\000u\000m\000e\000n\000t\000a\000t\000i\000o\000n}{section.7.13}% 227
\BOOKMARK [3][-]{subsubsection.7.13.2.1}{\376\377\0007\000.\0001\0003\000.\0002\000.\0001\000\040\000A\000w\000a\000k\000e\000\050\000\051}{subsection.7.13.2}% 228
\BOOKMARK [3][-]{subsubsection.7.13.2.2}{\376\377\0007\000.\0001\0003\000.\0002\000.\0002\000\040\000U\000p\000d\000a\000t\000e\000C\000y\000l\000i\000n\000d\000e\000r\000A\000n\000g\000u\000l\000a\000r\000V\000e\000l\000o\000c\000i\000t\000i\000e\000s\000\050\000\051}{subsection.7.13.2}% 229
\BOOKMARK [3][-]{subsubsection.7.13.2.3}{\376\377\0007\000.\0001\0003\000.\0002\000.\0003\000\040\000U\000p\000d\000a\000t\000e\000C\000y\000l\000i\000n\000d\000e\000r\000O\000r\000i\000e\000n\000t\000a\000t\000i\000o\000n\000s\000\050\000\051}{subsection.7.13.2}% 230
\BOOKMARK [3][-]{subsubsection.7.13.2.4}{\376\377\0007\000.\0001\0003\000.\0002\000.\0004\000\040\000U\000p\000d\000a\000t\000e\000S\000p\000h\000e\000r\000e\000P\000o\000s\000i\000t\000i\000o\000n\000s\000\050\000\051}{subsection.7.13.2}% 231
\BOOKMARK [3][-]{subsubsection.7.13.2.5}{\376\377\0007\000.\0001\0003\000.\0002\000.\0005\000\040\000U\000p\000d\000a\000t\000e\000S\000p\000h\000e\000r\000e\000V\000e\000l\000o\000c\000i\000t\000i\000e\000s\000\050\000\051}{subsection.7.13.2}% 232
\BOOKMARK [2][-]{subsection.7.13.3}{\376\377\0007\000.\0001\0003\000.\0003\000\040\000M\000e\000m\000b\000e\000r\000\040\000D\000a\000t\000a\000\040\000D\000o\000c\000u\000m\000e\000n\000t\000a\000t\000i\000o\000n}{section.7.13}% 233
\BOOKMARK [3][-]{subsubsection.7.13.3.1}{\376\377\0007\000.\0001\0003\000.\0003\000.\0001\000\040\000m\000a\000t\000h\000H\000e\000l\000p\000e\000r}{subsection.7.13.3}% 234
\BOOKMARK [0][-]{chapter.8}{\376\377\0008\000\040\000F\000i\000l\000e\000\040\000D\000o\000c\000u\000m\000e\000n\000t\000a\000t\000i\000o\000n}{}% 235
\BOOKMARK [1][-]{section.8.1}{\376\377\0008\000.\0001\000\040\000C\000o\000n\000s\000t\000r\000a\000i\000n\000t\000S\000o\000l\000v\000i\000n\000g\000S\000t\000e\000p\000.\000c\000s\000\040\000F\000i\000l\000e\000\040\000R\000e\000f\000e\000r\000e\000n\000c\000e}{chapter.8}% 236
\BOOKMARK [2][-]{subsection.8.1.1}{\376\377\0008\000.\0001\000.\0001\000\040\000T\000y\000p\000e\000d\000e\000f\000\040\000D\000o\000c\000u\000m\000e\000n\000t\000a\000t\000i\000o\000n}{section.8.1}% 237
\BOOKMARK [3][-]{subsubsection.8.1.1.1}{\376\377\0008\000.\0001\000.\0001\000.\0001\000\040\000B\000S\000M}{subsection.8.1.1}% 238
\BOOKMARK [1][-]{section.8.2}{\376\377\0008\000.\0002\000\040\000D\000i\000r\000e\000c\000t\000o\000r\000s\000D\000r\000a\000w\000e\000r\000.\000c\000s\000\040\000F\000i\000l\000e\000\040\000R\000e\000f\000e\000r\000e\000n\000c\000e}{chapter.8}% 239
\BOOKMARK [1][-]{section.8.3}{\376\377\0008\000.\0003\000\040\000F\000o\000r\000c\000e\000T\000e\000s\000t\000P\000e\000r\000f\000o\000r\000m\000e\000r\000.\000c\000s\000\040\000F\000i\000l\000e\000\040\000R\000e\000f\000e\000r\000e\000n\000c\000e}{chapter.8}% 240
\BOOKMARK [1][-]{section.8.4}{\376\377\0008\000.\0004\000\040\000I\000n\000i\000t\000i\000a\000l\000i\000z\000a\000t\000i\000o\000n\000S\000t\000e\000p\000.\000c\000s\000\040\000F\000i\000l\000e\000\040\000R\000e\000f\000e\000r\000e\000n\000c\000e}{chapter.8}% 241
\BOOKMARK [2][-]{subsection.8.4.1}{\376\377\0008\000.\0004\000.\0001\000\040\000T\000y\000p\000e\000d\000e\000f\000\040\000D\000o\000c\000u\000m\000e\000n\000t\000a\000t\000i\000o\000n}{section.8.4}% 242
\BOOKMARK [3][-]{subsubsection.8.4.1.1}{\376\377\0008\000.\0004\000.\0001\000.\0001\000\040\000B\000S\000M}{subsection.8.4.1}% 243
\BOOKMARK [1][-]{section.8.5}{\376\377\0008\000.\0005\000\040\000M\000a\000t\000h\000H\000e\000l\000p\000e\000r\000.\000c\000s\000\040\000F\000i\000l\000e\000\040\000R\000e\000f\000e\000r\000e\000n\000c\000e}{chapter.8}% 244
\BOOKMARK [2][-]{subsection.8.5.1}{\376\377\0008\000.\0005\000.\0001\000\040\000T\000y\000p\000e\000d\000e\000f\000\040\000D\000o\000c\000u\000m\000e\000n\000t\000a\000t\000i\000o\000n}{section.8.5}% 245
\BOOKMARK [3][-]{subsubsection.8.5.1.1}{\376\377\0008\000.\0005\000.\0001\000.\0001\000\040\000B\000S\000M}{subsection.8.5.1}% 246
\BOOKMARK [1][-]{section.8.6}{\376\377\0008\000.\0006\000\040\000O\000b\000j\000e\000c\000t\000S\000e\000t\000t\000e\000r\000.\000c\000s\000\040\000F\000i\000l\000e\000\040\000R\000e\000f\000e\000r\000e\000n\000c\000e}{chapter.8}% 247
\BOOKMARK [2][-]{subsection.8.6.1}{\376\377\0008\000.\0006\000.\0001\000\040\000T\000y\000p\000e\000d\000e\000f\000\040\000D\000o\000c\000u\000m\000e\000n\000t\000a\000t\000i\000o\000n}{section.8.6}% 248
\BOOKMARK [3][-]{subsubsection.8.6.1.1}{\376\377\0008\000.\0006\000.\0001\000.\0001\000\040\000B\000S\000M}{subsection.8.6.1}% 249
\BOOKMARK [1][-]{section.8.7}{\376\377\0008\000.\0007\000\040\000P\000r\000e\000d\000i\000c\000t\000i\000o\000n\000S\000t\000e\000p\000.\000c\000s\000\040\000F\000i\000l\000e\000\040\000R\000e\000f\000e\000r\000e\000n\000c\000e}{chapter.8}% 250
\BOOKMARK [2][-]{subsection.8.7.1}{\376\377\0008\000.\0007\000.\0001\000\040\000T\000y\000p\000e\000d\000e\000f\000\040\000D\000o\000c\000u\000m\000e\000n\000t\000a\000t\000i\000o\000n}{section.8.7}% 251
\BOOKMARK [3][-]{subsubsection.8.7.1.1}{\376\377\0008\000.\0007\000.\0001\000.\0001\000\040\000B\000S\000M}{subsection.8.7.1}% 252
\BOOKMARK [1][-]{section.8.8}{\376\377\0008\000.\0008\000\040\000S\000i\000m\000u\000l\000a\000t\000i\000o\000n\000L\000o\000o\000p\000.\000c\000s\000\040\000F\000i\000l\000e\000\040\000R\000e\000f\000e\000r\000e\000n\000c\000e}{chapter.8}% 253
\BOOKMARK [2][-]{subsection.8.8.1}{\376\377\0008\000.\0008\000.\0001\000\040\000T\000y\000p\000e\000d\000e\000f\000\040\000D\000o\000c\000u\000m\000e\000n\000t\000a\000t\000i\000o\000n}{section.8.8}% 254
\BOOKMARK [3][-]{subsubsection.8.8.1.1}{\376\377\0008\000.\0008\000.\0001\000.\0001\000\040\000B\000S\000M}{subsection.8.8.1}% 255
\BOOKMARK [1][-]{section.8.9}{\376\377\0008\000.\0009\000\040\000S\000t\000r\000e\000s\000s\000T\000e\000s\000t\000P\000e\000r\000f\000o\000r\000m\000e\000r\000.\000c\000s\000\040\000F\000i\000l\000e\000\040\000R\000e\000f\000e\000r\000e\000n\000c\000e}{chapter.8}% 256
\BOOKMARK [1][-]{section.8.10}{\376\377\0008\000.\0001\0000\000\040\000T\000o\000r\000q\000u\000e\000T\000e\000s\000t\000P\000e\000r\000f\000o\000r\000m\000e\000r\000.\000c\000s\000\040\000F\000i\000l\000e\000\040\000R\000e\000f\000e\000r\000e\000n\000c\000e}{chapter.8}% 257
\BOOKMARK [1][-]{section.8.11}{\376\377\0008\000.\0001\0001\000\040\000U\000n\000i\000t\000T\000e\000s\000t\000\137\000S\000o\000l\000v\000e\000B\000e\000n\000d\000T\000w\000i\000s\000t\000C\000o\000n\000s\000t\000r\000a\000i\000n\000t\000.\000c\000s\000\040\000F\000i\000l\000e\000\040\000R\000e\000f\000e\000r\000e\000n\000c\000e}{chapter.8}% 258
\BOOKMARK [2][-]{subsection.8.11.1}{\376\377\0008\000.\0001\0001\000.\0001\000\040\000T\000y\000p\000e\000d\000e\000f\000\040\000D\000o\000c\000u\000m\000e\000n\000t\000a\000t\000i\000o\000n}{section.8.11}% 259
\BOOKMARK [3][-]{subsubsection.8.11.1.1}{\376\377\0008\000.\0001\0001\000.\0001\000.\0001\000\040\000B\000S\000M}{subsection.8.11.1}% 260
\BOOKMARK [1][-]{section.8.12}{\376\377\0008\000.\0001\0002\000\040\000U\000n\000i\000t\000T\000e\000s\000t\000\137\000S\000o\000l\000v\000e\000S\000t\000r\000e\000t\000c\000h\000C\000o\000n\000s\000t\000r\000a\000i\000n\000t\000.\000c\000s\000\040\000F\000i\000l\000e\000\040\000R\000e\000f\000e\000r\000e\000n\000c\000e}{chapter.8}% 261
\BOOKMARK [2][-]{subsection.8.12.1}{\376\377\0008\000.\0001\0002\000.\0001\000\040\000T\000y\000p\000e\000d\000e\000f\000\040\000D\000o\000c\000u\000m\000e\000n\000t\000a\000t\000i\000o\000n}{section.8.12}% 262
\BOOKMARK [3][-]{subsubsection.8.12.1.1}{\376\377\0008\000.\0001\0002\000.\0001\000.\0001\000\040\000B\000S\000M}{subsection.8.12.1}% 263
\BOOKMARK [1][-]{section.8.13}{\376\377\0008\000.\0001\0003\000\040\000U\000p\000d\000a\000t\000e\000S\000t\000e\000p\000.\000c\000s\000\040\000F\000i\000l\000e\000\040\000R\000e\000f\000e\000r\000e\000n\000c\000e}{chapter.8}% 264
\BOOKMARK [2][-]{subsection.8.13.1}{\376\377\0008\000.\0001\0003\000.\0001\000\040\000T\000y\000p\000e\000d\000e\000f\000\040\000D\000o\000c\000u\000m\000e\000n\000t\000a\000t\000i\000o\000n}{section.8.13}% 265
\BOOKMARK [3][-]{subsubsection.8.13.1.1}{\376\377\0008\000.\0001\0003\000.\0001\000.\0001\000\040\000B\000S\000M}{subsection.8.13.1}% 266
\BOOKMARK [0][-]{section*.82}{\376\377\000I\000n\000d\000e\000x}{}% 267
